<?xml version="1.0" encoding="utf-8"?>
<CoverageSession xmlns:xsd="http://www.w3.org/2001/XMLSchema" xmlns:xsi="http://www.w3.org/2001/XMLSchema-instance" Version="4.6.0.0">
  <Summary numSequencePoints="315" visitedSequencePoints="114" numBranchPoints="73" visitedBranchPoints="24" sequenceCoverage="36.19" branchCoverage="32.88" maxCyclomaticComplexity="8" minCyclomaticComplexity="1" maxCrapScore="72" minCrapScore="1" visitedClasses="5" numClasses="12" visitedMethods="18" numMethods="41" />
  <Modules>
    <Module hash="40-42-E7-13-B1-8D-E2-88-A0-12-7E-D9-DC-5C-2E-6E-02-EB-29-2B">
      <Summary numSequencePoints="59" visitedSequencePoints="59" numBranchPoints="11" visitedBranchPoints="11" sequenceCoverage="100" branchCoverage="100" maxCyclomaticComplexity="3" minCyclomaticComplexity="1" maxCrapScore="3" minCrapScore="1" visitedClasses="3" numClasses="3" visitedMethods="11" numMethods="11" />
      <ModulePath>C:\Users\owner\Documents\Visual Studio 2017\Projects\excelscanner\ExcelscannerTests\bin\Debug\ExcelscannerTests.dll</ModulePath>
      <ModuleTime>2018-08-14T13:44:36.030809Z</ModuleTime>
      <ModuleName>ExcelscannerTests</ModuleName>
      <Files>
        <File uid="1" fullPath="C:\Users\owner\Documents\Visual Studio 2017\Projects\excelscanner\ExcelscannerTests\Logging\ConfigGenerator.Tests.cs" />
        <File uid="3" fullPath="C:\Users\owner\Documents\Visual Studio 2017\Projects\excelscanner\ExcelscannerTests\Files\FileFinder.Tests.cs" />
      </Files>
      <Classes>
        <Class>
          <Summary numSequencePoints="42" visitedSequencePoints="42" numBranchPoints="4" visitedBranchPoints="4" sequenceCoverage="100" branchCoverage="100" maxCyclomaticComplexity="3" minCyclomaticComplexity="1" maxCrapScore="3" minCrapScore="2" visitedClasses="1" numClasses="1" visitedMethods="4" numMethods="4" />
          <FullName>ExcelscannerTests.Logging.ConfigGeneratorTests</FullName>
          <Methods>
            <Method visited="true" cyclomaticComplexity="2" nPathComplexity="0" sequenceCoverage="100" branchCoverage="100" crapScore="2" isConstructor="false" isStatic="false" isGetter="false" isSetter="false">
              <Summary numSequencePoints="7" visitedSequencePoints="7" numBranchPoints="1" visitedBranchPoints="1" sequenceCoverage="100" branchCoverage="100" maxCyclomaticComplexity="2" minCyclomaticComplexity="2" maxCrapScore="2" minCrapScore="2" visitedClasses="0" numClasses="0" visitedMethods="1" numMethods="1" />
              <MetadataToken>100663297</MetadataToken>
              <Name>System.Void ExcelscannerTests.Logging.ConfigGeneratorTests::TestConstructor_ConsoleOnly()</Name>
              <FileRef uid="1" />
              <SequencePoints>
                <SequencePoint vc="1" uspid="1" ordinal="0" offset="0" sl="13" sc="9" el="13" ec="10" bec="0" bev="0" fileid="1">
                  <TrackedMethodRefs>
                    <TrackedMethodRef uid="1" vc="1" />
                  </TrackedMethodRefs>
                </SequencePoint>
                <SequencePoint vc="1" uspid="2" ordinal="1" offset="1" sl="14" sc="13" el="14" ec="72" bec="0" bev="0" fileid="1">
                  <TrackedMethodRefs>
                    <TrackedMethodRef uid="1" vc="1" />
                  </TrackedMethodRefs>
                </SequencePoint>
                <SequencePoint vc="1" uspid="3" ordinal="2" offset="13" sl="15" sc="13" el="15" ec="65" bec="0" bev="0" fileid="1">
                  <TrackedMethodRefs>
                    <TrackedMethodRef uid="1" vc="1" />
                  </TrackedMethodRefs>
                </SequencePoint>
                <SequencePoint vc="1" uspid="4" ordinal="3" offset="20" sl="16" sc="13" el="16" ec="84" bec="0" bev="0" fileid="1">
                  <TrackedMethodRefs>
                    <TrackedMethodRef uid="1" vc="1" />
                  </TrackedMethodRefs>
                </SequencePoint>
                <SequencePoint vc="1" uspid="5" ordinal="4" offset="68" sl="18" sc="13" el="18" ec="59" bec="0" bev="0" fileid="1">
                  <TrackedMethodRefs>
                    <TrackedMethodRef uid="1" vc="1" />
                  </TrackedMethodRefs>
                </SequencePoint>
                <SequencePoint vc="1" uspid="6" ordinal="5" offset="82" sl="19" sc="13" el="19" ec="52" bec="0" bev="0" fileid="1">
                  <TrackedMethodRefs>
                    <TrackedMethodRef uid="1" vc="1" />
                  </TrackedMethodRefs>
                </SequencePoint>
                <SequencePoint vc="1" uspid="7" ordinal="6" offset="92" sl="20" sc="9" el="20" ec="10" bec="0" bev="0" fileid="1">
                  <TrackedMethodRefs>
                    <TrackedMethodRef uid="1" vc="1" />
                  </TrackedMethodRefs>
                </SequencePoint>
              </SequencePoints>
              <BranchPoints />
              <MethodPoint xsi:type="SequencePoint" vc="1" uspid="1" ordinal="0" offset="0" sl="13" sc="9" el="13" ec="10" bec="0" bev="0" fileid="1">
                <TrackedMethodRefs>
                  <TrackedMethodRef uid="1" vc="1" />
                </TrackedMethodRefs>
              </MethodPoint>
            </Method>
            <Method visited="true" cyclomaticComplexity="2" nPathComplexity="0" sequenceCoverage="100" branchCoverage="100" crapScore="2" isConstructor="false" isStatic="false" isGetter="false" isSetter="false">
              <Summary numSequencePoints="7" visitedSequencePoints="7" numBranchPoints="1" visitedBranchPoints="1" sequenceCoverage="100" branchCoverage="100" maxCyclomaticComplexity="2" minCyclomaticComplexity="2" maxCrapScore="2" minCrapScore="2" visitedClasses="0" numClasses="0" visitedMethods="1" numMethods="1" />
              <MetadataToken>100663298</MetadataToken>
              <Name>System.Void ExcelscannerTests.Logging.ConfigGeneratorTests::TestConstructor_ConsoleAndFile()</Name>
              <FileRef uid="1" />
              <SequencePoints>
                <SequencePoint vc="1" uspid="10" ordinal="0" offset="0" sl="23" sc="9" el="23" ec="10" bec="0" bev="0" fileid="1">
                  <TrackedMethodRefs>
                    <TrackedMethodRef uid="2" vc="1" />
                  </TrackedMethodRefs>
                </SequencePoint>
                <SequencePoint vc="1" uspid="11" ordinal="1" offset="1" sl="24" sc="13" el="24" ec="82" bec="0" bev="0" fileid="1">
                  <TrackedMethodRefs>
                    <TrackedMethodRef uid="2" vc="1" />
                  </TrackedMethodRefs>
                </SequencePoint>
                <SequencePoint vc="1" uspid="12" ordinal="2" offset="13" sl="25" sc="13" el="25" ec="65" bec="0" bev="0" fileid="1">
                  <TrackedMethodRefs>
                    <TrackedMethodRef uid="2" vc="1" />
                  </TrackedMethodRefs>
                </SequencePoint>
                <SequencePoint vc="1" uspid="13" ordinal="3" offset="20" sl="26" sc="13" el="26" ec="84" bec="0" bev="0" fileid="1">
                  <TrackedMethodRefs>
                    <TrackedMethodRef uid="2" vc="1" />
                  </TrackedMethodRefs>
                </SequencePoint>
                <SequencePoint vc="1" uspid="14" ordinal="4" offset="68" sl="28" sc="13" el="28" ec="63" bec="0" bev="0" fileid="1">
                  <TrackedMethodRefs>
                    <TrackedMethodRef uid="2" vc="1" />
                  </TrackedMethodRefs>
                </SequencePoint>
                <SequencePoint vc="1" uspid="15" ordinal="5" offset="85" sl="29" sc="13" el="29" ec="60" bec="0" bev="0" fileid="1">
                  <TrackedMethodRefs>
                    <TrackedMethodRef uid="2" vc="1" />
                  </TrackedMethodRefs>
                </SequencePoint>
                <SequencePoint vc="1" uspid="16" ordinal="6" offset="102" sl="30" sc="9" el="30" ec="10" bec="0" bev="0" fileid="1">
                  <TrackedMethodRefs>
                    <TrackedMethodRef uid="2" vc="1" />
                  </TrackedMethodRefs>
                </SequencePoint>
              </SequencePoints>
              <BranchPoints />
              <MethodPoint xsi:type="SequencePoint" vc="1" uspid="10" ordinal="0" offset="0" sl="23" sc="9" el="23" ec="10" bec="0" bev="0" fileid="1">
                <TrackedMethodRefs>
                  <TrackedMethodRef uid="2" vc="1" />
                </TrackedMethodRefs>
              </MethodPoint>
            </Method>
            <Method visited="true" cyclomaticComplexity="2" nPathComplexity="0" sequenceCoverage="100" branchCoverage="100" crapScore="2" isConstructor="false" isStatic="false" isGetter="false" isSetter="false">
              <Summary numSequencePoints="7" visitedSequencePoints="7" numBranchPoints="1" visitedBranchPoints="1" sequenceCoverage="100" branchCoverage="100" maxCyclomaticComplexity="2" minCyclomaticComplexity="2" maxCrapScore="2" minCrapScore="2" visitedClasses="0" numClasses="0" visitedMethods="1" numMethods="1" />
              <MetadataToken>100663299</MetadataToken>
              <Name>System.Void ExcelscannerTests.Logging.ConfigGeneratorTests::TestConstructor_BadFile()</Name>
              <FileRef uid="1" />
              <SequencePoints>
                <SequencePoint vc="1" uspid="19" ordinal="0" offset="0" sl="33" sc="9" el="33" ec="10" bec="0" bev="0" fileid="1">
                  <TrackedMethodRefs>
                    <TrackedMethodRef uid="3" vc="1" />
                  </TrackedMethodRefs>
                </SequencePoint>
                <SequencePoint vc="1" uspid="20" ordinal="1" offset="1" sl="34" sc="13" el="34" ec="83" bec="0" bev="0" fileid="1">
                  <TrackedMethodRefs>
                    <TrackedMethodRef uid="3" vc="1" />
                  </TrackedMethodRefs>
                </SequencePoint>
                <SequencePoint vc="1" uspid="21" ordinal="2" offset="13" sl="35" sc="13" el="35" ec="65" bec="0" bev="0" fileid="1">
                  <TrackedMethodRefs>
                    <TrackedMethodRef uid="3" vc="1" />
                  </TrackedMethodRefs>
                </SequencePoint>
                <SequencePoint vc="1" uspid="22" ordinal="3" offset="20" sl="36" sc="13" el="36" ec="84" bec="0" bev="0" fileid="1">
                  <TrackedMethodRefs>
                    <TrackedMethodRef uid="3" vc="1" />
                  </TrackedMethodRefs>
                </SequencePoint>
                <SequencePoint vc="1" uspid="23" ordinal="4" offset="68" sl="38" sc="13" el="38" ec="59" bec="0" bev="0" fileid="1">
                  <TrackedMethodRefs>
                    <TrackedMethodRef uid="3" vc="1" />
                  </TrackedMethodRefs>
                </SequencePoint>
                <SequencePoint vc="1" uspid="24" ordinal="5" offset="82" sl="39" sc="13" el="39" ec="52" bec="0" bev="0" fileid="1">
                  <TrackedMethodRefs>
                    <TrackedMethodRef uid="3" vc="1" />
                  </TrackedMethodRefs>
                </SequencePoint>
                <SequencePoint vc="1" uspid="25" ordinal="6" offset="92" sl="40" sc="9" el="40" ec="10" bec="0" bev="0" fileid="1">
                  <TrackedMethodRefs>
                    <TrackedMethodRef uid="3" vc="1" />
                  </TrackedMethodRefs>
                </SequencePoint>
              </SequencePoints>
              <BranchPoints />
              <MethodPoint xsi:type="SequencePoint" vc="1" uspid="19" ordinal="0" offset="0" sl="33" sc="9" el="33" ec="10" bec="0" bev="0" fileid="1">
                <TrackedMethodRefs>
                  <TrackedMethodRef uid="3" vc="1" />
                </TrackedMethodRefs>
              </MethodPoint>
            </Method>
            <Method visited="true" cyclomaticComplexity="3" nPathComplexity="0" sequenceCoverage="100" branchCoverage="100" crapScore="3" isConstructor="false" isStatic="false" isGetter="false" isSetter="false">
              <Summary numSequencePoints="21" visitedSequencePoints="21" numBranchPoints="1" visitedBranchPoints="1" sequenceCoverage="100" branchCoverage="100" maxCyclomaticComplexity="3" minCyclomaticComplexity="3" maxCrapScore="3" minCrapScore="3" visitedClasses="0" numClasses="0" visitedMethods="1" numMethods="1" />
              <MetadataToken>100663300</MetadataToken>
              <Name>System.Void ExcelscannerTests.Logging.ConfigGeneratorTests::TestConstructor_DebugMode()</Name>
              <FileRef uid="1" />
              <SequencePoints>
                <SequencePoint vc="1" uspid="28" ordinal="0" offset="0" sl="43" sc="9" el="43" ec="10" bec="0" bev="0" fileid="1">
                  <TrackedMethodRefs>
                    <TrackedMethodRef uid="4" vc="1" />
                  </TrackedMethodRefs>
                </SequencePoint>
                <SequencePoint vc="1" uspid="29" ordinal="1" offset="1" sl="44" sc="13" el="44" ec="77" bec="0" bev="0" fileid="1">
                  <TrackedMethodRefs>
                    <TrackedMethodRef uid="4" vc="1" />
                  </TrackedMethodRefs>
                </SequencePoint>
                <SequencePoint vc="1" uspid="30" ordinal="2" offset="13" sl="45" sc="13" el="45" ec="70" bec="0" bev="0" fileid="1">
                  <TrackedMethodRefs>
                    <TrackedMethodRef uid="4" vc="1" />
                  </TrackedMethodRefs>
                </SequencePoint>
                <SequencePoint vc="1" uspid="31" ordinal="3" offset="20" sl="46" sc="13" el="46" ec="55" bec="0" bev="0" fileid="1">
                  <TrackedMethodRefs>
                    <TrackedMethodRef uid="4" vc="1" />
                  </TrackedMethodRefs>
                </SequencePoint>
                <SequencePoint vc="1" uspid="32" ordinal="4" offset="33" sl="47" sc="13" el="47" ec="71" bec="0" bev="0" fileid="1">
                  <TrackedMethodRefs>
                    <TrackedMethodRef uid="4" vc="1" />
                  </TrackedMethodRefs>
                </SequencePoint>
                <SequencePoint vc="1" uspid="33" ordinal="5" offset="81" sl="49" sc="13" el="49" ec="47" bec="0" bev="0" fileid="1">
                  <TrackedMethodRefs>
                    <TrackedMethodRef uid="4" vc="1" />
                  </TrackedMethodRefs>
                </SequencePoint>
                <SequencePoint vc="1" uspid="34" ordinal="6" offset="91" sl="50" sc="13" el="50" ec="52" bec="0" bev="0" fileid="1">
                  <TrackedMethodRefs>
                    <TrackedMethodRef uid="4" vc="1" />
                  </TrackedMethodRefs>
                </SequencePoint>
                <SequencePoint vc="1" uspid="35" ordinal="7" offset="108" sl="51" sc="13" el="51" ec="53" bec="0" bev="0" fileid="1">
                  <TrackedMethodRefs>
                    <TrackedMethodRef uid="4" vc="1" />
                  </TrackedMethodRefs>
                </SequencePoint>
                <SequencePoint vc="1" uspid="36" ordinal="8" offset="125" sl="52" sc="13" el="52" ec="53" bec="0" bev="0" fileid="1">
                  <TrackedMethodRefs>
                    <TrackedMethodRef uid="4" vc="1" />
                  </TrackedMethodRefs>
                </SequencePoint>
                <SequencePoint vc="1" uspid="37" ordinal="9" offset="142" sl="54" sc="13" el="54" ec="77" bec="0" bev="0" fileid="1">
                  <TrackedMethodRefs>
                    <TrackedMethodRef uid="4" vc="1" />
                  </TrackedMethodRefs>
                </SequencePoint>
                <SequencePoint vc="1" uspid="38" ordinal="10" offset="155" sl="55" sc="13" el="55" ec="77" bec="0" bev="0" fileid="1">
                  <TrackedMethodRefs>
                    <TrackedMethodRef uid="4" vc="1" />
                  </TrackedMethodRefs>
                </SequencePoint>
                <SequencePoint vc="1" uspid="39" ordinal="11" offset="164" sl="56" sc="13" el="56" ec="67" bec="0" bev="0" fileid="1">
                  <TrackedMethodRefs>
                    <TrackedMethodRef uid="4" vc="1" />
                  </TrackedMethodRefs>
                </SequencePoint>
                <SequencePoint vc="1" uspid="40" ordinal="12" offset="179" sl="57" sc="13" el="57" ec="85" bec="0" bev="0" fileid="1">
                  <TrackedMethodRefs>
                    <TrackedMethodRef uid="4" vc="1" />
                  </TrackedMethodRefs>
                </SequencePoint>
                <SequencePoint vc="1" uspid="41" ordinal="13" offset="229" sl="59" sc="13" el="59" ec="53" bec="0" bev="0" fileid="1">
                  <TrackedMethodRefs>
                    <TrackedMethodRef uid="4" vc="1" />
                  </TrackedMethodRefs>
                </SequencePoint>
                <SequencePoint vc="1" uspid="42" ordinal="14" offset="240" sl="60" sc="13" el="60" ec="59" bec="0" bev="0" fileid="1">
                  <TrackedMethodRefs>
                    <TrackedMethodRef uid="4" vc="1" />
                  </TrackedMethodRefs>
                </SequencePoint>
                <SequencePoint vc="1" uspid="43" ordinal="15" offset="258" sl="61" sc="13" el="61" ec="59" bec="0" bev="0" fileid="1">
                  <TrackedMethodRefs>
                    <TrackedMethodRef uid="4" vc="1" />
                  </TrackedMethodRefs>
                </SequencePoint>
                <SequencePoint vc="1" uspid="44" ordinal="16" offset="276" sl="62" sc="13" el="62" ec="58" bec="0" bev="0" fileid="1">
                  <TrackedMethodRefs>
                    <TrackedMethodRef uid="4" vc="1" />
                  </TrackedMethodRefs>
                </SequencePoint>
                <SequencePoint vc="1" uspid="45" ordinal="17" offset="294" sl="63" sc="13" el="63" ec="58" bec="0" bev="0" fileid="1">
                  <TrackedMethodRefs>
                    <TrackedMethodRef uid="4" vc="1" />
                  </TrackedMethodRefs>
                </SequencePoint>
                <SequencePoint vc="1" uspid="46" ordinal="18" offset="312" sl="64" sc="13" el="64" ec="59" bec="0" bev="0" fileid="1">
                  <TrackedMethodRefs>
                    <TrackedMethodRef uid="4" vc="1" />
                  </TrackedMethodRefs>
                </SequencePoint>
                <SequencePoint vc="1" uspid="47" ordinal="19" offset="330" sl="65" sc="13" el="65" ec="59" bec="0" bev="0" fileid="1">
                  <TrackedMethodRefs>
                    <TrackedMethodRef uid="4" vc="1" />
                  </TrackedMethodRefs>
                </SequencePoint>
                <SequencePoint vc="1" uspid="48" ordinal="20" offset="348" sl="66" sc="9" el="66" ec="10" bec="0" bev="0" fileid="1">
                  <TrackedMethodRefs>
                    <TrackedMethodRef uid="4" vc="1" />
                  </TrackedMethodRefs>
                </SequencePoint>
              </SequencePoints>
              <BranchPoints />
              <MethodPoint xsi:type="SequencePoint" vc="1" uspid="28" ordinal="0" offset="0" sl="43" sc="9" el="43" ec="10" bec="0" bev="0" fileid="1">
                <TrackedMethodRefs>
                  <TrackedMethodRef uid="4" vc="1" />
                </TrackedMethodRefs>
              </MethodPoint>
            </Method>
            <Method visited="false" cyclomaticComplexity="1" nPathComplexity="0" sequenceCoverage="0" branchCoverage="0" crapScore="2" isConstructor="true" isStatic="false" isGetter="false" isSetter="false">
              <Summary numSequencePoints="0" visitedSequencePoints="0" numBranchPoints="0" visitedBranchPoints="0" sequenceCoverage="0" branchCoverage="0" maxCyclomaticComplexity="1" minCyclomaticComplexity="1" maxCrapScore="2" minCrapScore="2" visitedClasses="0" numClasses="0" visitedMethods="0" numMethods="0" />
              <MetadataToken>100663301</MetadataToken>
              <Name>System.Void ExcelscannerTests.Logging.ConfigGeneratorTests::.ctor()</Name>
              <SequencePoints />
              <BranchPoints />
              <MethodPoint vc="0" uspid="53" ordinal="0" offset="0" />
            </Method>
          </Methods>
        </Class>
        <Class>
          <Summary numSequencePoints="5" visitedSequencePoints="5" numBranchPoints="5" visitedBranchPoints="5" sequenceCoverage="100" branchCoverage="100" maxCyclomaticComplexity="1" minCyclomaticComplexity="1" maxCrapScore="2" minCrapScore="1" visitedClasses="1" numClasses="1" visitedMethods="5" numMethods="5" />
          <FullName>ExcelscannerTests.Logging.ConfigGeneratorTests/&lt;&gt;c</FullName>
          <Methods>
            <Method visited="false" cyclomaticComplexity="1" nPathComplexity="0" sequenceCoverage="0" branchCoverage="0" crapScore="2" isConstructor="true" isStatic="true" isGetter="false" isSetter="false">
              <Summary numSequencePoints="0" visitedSequencePoints="0" numBranchPoints="0" visitedBranchPoints="0" sequenceCoverage="0" branchCoverage="0" maxCyclomaticComplexity="1" minCyclomaticComplexity="1" maxCrapScore="2" minCrapScore="2" visitedClasses="0" numClasses="0" visitedMethods="0" numMethods="0" />
              <MetadataToken>100663305</MetadataToken>
              <Name>System.Void ExcelscannerTests.Logging.ConfigGeneratorTests/&lt;&gt;c::.cctor()</Name>
              <SequencePoints />
              <BranchPoints />
              <MethodPoint vc="0" uspid="54" ordinal="0" offset="0" />
            </Method>
            <Method visited="false" cyclomaticComplexity="1" nPathComplexity="0" sequenceCoverage="0" branchCoverage="0" crapScore="2" isConstructor="true" isStatic="false" isGetter="false" isSetter="false">
              <Summary numSequencePoints="0" visitedSequencePoints="0" numBranchPoints="0" visitedBranchPoints="0" sequenceCoverage="0" branchCoverage="0" maxCyclomaticComplexity="1" minCyclomaticComplexity="1" maxCrapScore="2" minCrapScore="2" visitedClasses="0" numClasses="0" visitedMethods="0" numMethods="0" />
              <MetadataToken>100663306</MetadataToken>
              <Name>System.Void ExcelscannerTests.Logging.ConfigGeneratorTests/&lt;&gt;c::.ctor()</Name>
              <SequencePoints />
              <BranchPoints />
              <MethodPoint vc="0" uspid="55" ordinal="0" offset="0" />
            </Method>
            <Method visited="true" cyclomaticComplexity="1" nPathComplexity="0" sequenceCoverage="100" branchCoverage="100" crapScore="1" isConstructor="false" isStatic="false" isGetter="false" isSetter="false">
              <Summary numSequencePoints="1" visitedSequencePoints="1" numBranchPoints="1" visitedBranchPoints="1" sequenceCoverage="100" branchCoverage="100" maxCyclomaticComplexity="1" minCyclomaticComplexity="1" maxCrapScore="1" minCrapScore="1" visitedClasses="0" numClasses="0" visitedMethods="1" numMethods="1" />
              <MetadataToken>100663307</MetadataToken>
              <Name>System.String ExcelscannerTests.Logging.ConfigGeneratorTests/&lt;&gt;c::&lt;TestConstructor_ConsoleOnly&gt;b__0_0(NLog.Targets.Target)</Name>
              <FileRef uid="1" />
              <SequencePoints>
                <SequencePoint vc="1" uspid="56" ordinal="0" offset="0" sl="16" sc="66" el="16" ec="72" bec="0" bev="0" fileid="1">
                  <TrackedMethodRefs>
                    <TrackedMethodRef uid="1" vc="1" />
                  </TrackedMethodRefs>
                </SequencePoint>
              </SequencePoints>
              <BranchPoints />
              <MethodPoint xsi:type="SequencePoint" vc="1" uspid="56" ordinal="0" offset="0" sl="16" sc="66" el="16" ec="72" bec="0" bev="0" fileid="1">
                <TrackedMethodRefs>
                  <TrackedMethodRef uid="1" vc="1" />
                </TrackedMethodRefs>
              </MethodPoint>
            </Method>
            <Method visited="true" cyclomaticComplexity="1" nPathComplexity="0" sequenceCoverage="100" branchCoverage="100" crapScore="1" isConstructor="false" isStatic="false" isGetter="false" isSetter="false">
              <Summary numSequencePoints="1" visitedSequencePoints="1" numBranchPoints="1" visitedBranchPoints="1" sequenceCoverage="100" branchCoverage="100" maxCyclomaticComplexity="1" minCyclomaticComplexity="1" maxCrapScore="1" minCrapScore="1" visitedClasses="0" numClasses="0" visitedMethods="1" numMethods="1" />
              <MetadataToken>100663308</MetadataToken>
              <Name>System.String ExcelscannerTests.Logging.ConfigGeneratorTests/&lt;&gt;c::&lt;TestConstructor_ConsoleAndFile&gt;b__1_0(NLog.Targets.Target)</Name>
              <FileRef uid="1" />
              <SequencePoints>
                <SequencePoint vc="2" uspid="57" ordinal="0" offset="0" sl="26" sc="66" el="26" ec="72" bec="0" bev="0" fileid="1">
                  <TrackedMethodRefs>
                    <TrackedMethodRef uid="2" vc="2" />
                  </TrackedMethodRefs>
                </SequencePoint>
              </SequencePoints>
              <BranchPoints />
              <MethodPoint xsi:type="SequencePoint" vc="2" uspid="57" ordinal="0" offset="0" sl="26" sc="66" el="26" ec="72" bec="0" bev="0" fileid="1">
                <TrackedMethodRefs>
                  <TrackedMethodRef uid="2" vc="2" />
                </TrackedMethodRefs>
              </MethodPoint>
            </Method>
            <Method visited="true" cyclomaticComplexity="1" nPathComplexity="0" sequenceCoverage="100" branchCoverage="100" crapScore="1" isConstructor="false" isStatic="false" isGetter="false" isSetter="false">
              <Summary numSequencePoints="1" visitedSequencePoints="1" numBranchPoints="1" visitedBranchPoints="1" sequenceCoverage="100" branchCoverage="100" maxCyclomaticComplexity="1" minCyclomaticComplexity="1" maxCrapScore="1" minCrapScore="1" visitedClasses="0" numClasses="0" visitedMethods="1" numMethods="1" />
              <MetadataToken>100663309</MetadataToken>
              <Name>System.String ExcelscannerTests.Logging.ConfigGeneratorTests/&lt;&gt;c::&lt;TestConstructor_BadFile&gt;b__2_0(NLog.Targets.Target)</Name>
              <FileRef uid="1" />
              <SequencePoints>
                <SequencePoint vc="1" uspid="58" ordinal="0" offset="0" sl="36" sc="66" el="36" ec="72" bec="0" bev="0" fileid="1">
                  <TrackedMethodRefs>
                    <TrackedMethodRef uid="3" vc="1" />
                  </TrackedMethodRefs>
                </SequencePoint>
              </SequencePoints>
              <BranchPoints />
              <MethodPoint xsi:type="SequencePoint" vc="1" uspid="58" ordinal="0" offset="0" sl="36" sc="66" el="36" ec="72" bec="0" bev="0" fileid="1">
                <TrackedMethodRefs>
                  <TrackedMethodRef uid="3" vc="1" />
                </TrackedMethodRefs>
              </MethodPoint>
            </Method>
            <Method visited="true" cyclomaticComplexity="1" nPathComplexity="0" sequenceCoverage="100" branchCoverage="100" crapScore="1" isConstructor="false" isStatic="false" isGetter="false" isSetter="false">
              <Summary numSequencePoints="1" visitedSequencePoints="1" numBranchPoints="1" visitedBranchPoints="1" sequenceCoverage="100" branchCoverage="100" maxCyclomaticComplexity="1" minCyclomaticComplexity="1" maxCrapScore="1" minCrapScore="1" visitedClasses="0" numClasses="0" visitedMethods="1" numMethods="1" />
              <MetadataToken>100663310</MetadataToken>
              <Name>System.String ExcelscannerTests.Logging.ConfigGeneratorTests/&lt;&gt;c::&lt;TestConstructor_DebugMode&gt;b__3_0(NLog.LogLevel)</Name>
              <FileRef uid="1" />
              <SequencePoints>
                <SequencePoint vc="3" uspid="59" ordinal="0" offset="0" sl="47" sc="53" el="47" ec="59" bec="0" bev="0" fileid="1">
                  <TrackedMethodRefs>
                    <TrackedMethodRef uid="4" vc="3" />
                  </TrackedMethodRefs>
                </SequencePoint>
              </SequencePoints>
              <BranchPoints />
              <MethodPoint xsi:type="SequencePoint" vc="3" uspid="59" ordinal="0" offset="0" sl="47" sc="53" el="47" ec="59" bec="0" bev="0" fileid="1">
                <TrackedMethodRefs>
                  <TrackedMethodRef uid="4" vc="3" />
                </TrackedMethodRefs>
              </MethodPoint>
            </Method>
            <Method visited="true" cyclomaticComplexity="1" nPathComplexity="0" sequenceCoverage="100" branchCoverage="100" crapScore="1" isConstructor="false" isStatic="false" isGetter="false" isSetter="false">
              <Summary numSequencePoints="1" visitedSequencePoints="1" numBranchPoints="1" visitedBranchPoints="1" sequenceCoverage="100" branchCoverage="100" maxCyclomaticComplexity="1" minCyclomaticComplexity="1" maxCrapScore="1" minCrapScore="1" visitedClasses="0" numClasses="0" visitedMethods="1" numMethods="1" />
              <MetadataToken>100663311</MetadataToken>
              <Name>System.String ExcelscannerTests.Logging.ConfigGeneratorTests/&lt;&gt;c::&lt;TestConstructor_DebugMode&gt;b__3_1(NLog.LogLevel)</Name>
              <FileRef uid="1" />
              <SequencePoints>
                <SequencePoint vc="6" uspid="60" ordinal="0" offset="0" sl="57" sc="67" el="57" ec="73" bec="0" bev="0" fileid="1">
                  <TrackedMethodRefs>
                    <TrackedMethodRef uid="4" vc="6" />
                  </TrackedMethodRefs>
                </SequencePoint>
              </SequencePoints>
              <BranchPoints />
              <MethodPoint xsi:type="SequencePoint" vc="6" uspid="60" ordinal="0" offset="0" sl="57" sc="67" el="57" ec="73" bec="0" bev="0" fileid="1">
                <TrackedMethodRefs>
                  <TrackedMethodRef uid="4" vc="6" />
                </TrackedMethodRefs>
              </MethodPoint>
            </Method>
          </Methods>
        </Class>
        <Class>
          <Summary numSequencePoints="12" visitedSequencePoints="12" numBranchPoints="2" visitedBranchPoints="2" sequenceCoverage="100" branchCoverage="100" maxCyclomaticComplexity="1" minCyclomaticComplexity="1" maxCrapScore="2" minCrapScore="1" visitedClasses="1" numClasses="1" visitedMethods="2" numMethods="2" />
          <FullName>ExcelscannerTests.Files.FileFinderTests</FullName>
          <Methods>
            <Method visited="true" cyclomaticComplexity="1" nPathComplexity="0" sequenceCoverage="100" branchCoverage="100" crapScore="1" isConstructor="false" isStatic="false" isGetter="false" isSetter="false">
              <Summary numSequencePoints="6" visitedSequencePoints="6" numBranchPoints="1" visitedBranchPoints="1" sequenceCoverage="100" branchCoverage="100" maxCyclomaticComplexity="1" minCyclomaticComplexity="1" maxCrapScore="1" minCrapScore="1" visitedClasses="0" numClasses="0" visitedMethods="1" numMethods="1" />
              <MetadataToken>100663302</MetadataToken>
              <Name>System.Void ExcelscannerTests.Files.FileFinderTests::FindFiles_Simple()</Name>
              <FileRef uid="3" />
              <SequencePoints>
                <SequencePoint vc="1" uspid="61" ordinal="0" offset="0" sl="18" sc="9" el="18" ec="10" bec="0" bev="0" fileid="3">
                  <TrackedMethodRefs>
                    <TrackedMethodRef uid="5" vc="1" />
                  </TrackedMethodRefs>
                </SequencePoint>
                <SequencePoint vc="1" uspid="62" ordinal="1" offset="1" sl="19" sc="13" el="23" ec="16" bec="0" bev="0" fileid="3">
                  <TrackedMethodRefs>
                    <TrackedMethodRef uid="5" vc="1" />
                  </TrackedMethodRefs>
                </SequencePoint>
                <SequencePoint vc="1" uspid="63" ordinal="2" offset="61" sl="25" sc="13" el="25" ec="81" bec="0" bev="0" fileid="3">
                  <TrackedMethodRefs>
                    <TrackedMethodRef uid="5" vc="1" />
                  </TrackedMethodRefs>
                </SequencePoint>
                <SequencePoint vc="1" uspid="64" ordinal="3" offset="82" sl="26" sc="13" el="26" ec="58" bec="0" bev="0" fileid="3">
                  <TrackedMethodRefs>
                    <TrackedMethodRef uid="5" vc="1" />
                  </TrackedMethodRefs>
                </SequencePoint>
                <SequencePoint vc="1" uspid="65" ordinal="4" offset="89" sl="27" sc="13" el="27" ec="47" bec="0" bev="0" fileid="3">
                  <TrackedMethodRefs>
                    <TrackedMethodRef uid="5" vc="1" />
                  </TrackedMethodRefs>
                </SequencePoint>
                <SequencePoint vc="1" uspid="66" ordinal="5" offset="102" sl="28" sc="9" el="28" ec="10" bec="0" bev="0" fileid="3">
                  <TrackedMethodRefs>
                    <TrackedMethodRef uid="5" vc="1" />
                  </TrackedMethodRefs>
                </SequencePoint>
              </SequencePoints>
              <BranchPoints />
              <MethodPoint xsi:type="SequencePoint" vc="1" uspid="61" ordinal="0" offset="0" sl="18" sc="9" el="18" ec="10" bec="0" bev="0" fileid="3">
                <TrackedMethodRefs>
                  <TrackedMethodRef uid="5" vc="1" />
                </TrackedMethodRefs>
              </MethodPoint>
            </Method>
            <Method visited="true" cyclomaticComplexity="1" nPathComplexity="0" sequenceCoverage="100" branchCoverage="100" crapScore="1" isConstructor="false" isStatic="false" isGetter="false" isSetter="false">
              <Summary numSequencePoints="6" visitedSequencePoints="6" numBranchPoints="1" visitedBranchPoints="1" sequenceCoverage="100" branchCoverage="100" maxCyclomaticComplexity="1" minCyclomaticComplexity="1" maxCrapScore="1" minCrapScore="1" visitedClasses="0" numClasses="0" visitedMethods="1" numMethods="1" />
              <MetadataToken>100663303</MetadataToken>
              <Name>System.Void ExcelscannerTests.Files.FileFinderTests::FindFiles_Recursive()</Name>
              <FileRef uid="3" />
              <SequencePoints>
                <SequencePoint vc="1" uspid="67" ordinal="0" offset="0" sl="31" sc="9" el="31" ec="10" bec="0" bev="0" fileid="3">
                  <TrackedMethodRefs>
                    <TrackedMethodRef uid="6" vc="1" />
                  </TrackedMethodRefs>
                </SequencePoint>
                <SequencePoint vc="1" uspid="68" ordinal="1" offset="1" sl="32" sc="13" el="38" ec="16" bec="0" bev="0" fileid="3">
                  <TrackedMethodRefs>
                    <TrackedMethodRef uid="6" vc="1" />
                  </TrackedMethodRefs>
                </SequencePoint>
                <SequencePoint vc="1" uspid="69" ordinal="2" offset="105" sl="40" sc="13" el="40" ec="81" bec="0" bev="0" fileid="3">
                  <TrackedMethodRefs>
                    <TrackedMethodRef uid="6" vc="1" />
                  </TrackedMethodRefs>
                </SequencePoint>
                <SequencePoint vc="1" uspid="70" ordinal="3" offset="126" sl="41" sc="13" el="41" ec="58" bec="0" bev="0" fileid="3">
                  <TrackedMethodRefs>
                    <TrackedMethodRef uid="6" vc="1" />
                  </TrackedMethodRefs>
                </SequencePoint>
                <SequencePoint vc="1" uspid="71" ordinal="4" offset="133" sl="42" sc="13" el="42" ec="47" bec="0" bev="0" fileid="3">
                  <TrackedMethodRefs>
                    <TrackedMethodRef uid="6" vc="1" />
                  </TrackedMethodRefs>
                </SequencePoint>
                <SequencePoint vc="1" uspid="72" ordinal="5" offset="146" sl="43" sc="9" el="43" ec="10" bec="0" bev="0" fileid="3">
                  <TrackedMethodRefs>
                    <TrackedMethodRef uid="6" vc="1" />
                  </TrackedMethodRefs>
                </SequencePoint>
              </SequencePoints>
              <BranchPoints />
              <MethodPoint xsi:type="SequencePoint" vc="1" uspid="67" ordinal="0" offset="0" sl="31" sc="9" el="31" ec="10" bec="0" bev="0" fileid="3">
                <TrackedMethodRefs>
                  <TrackedMethodRef uid="6" vc="1" />
                </TrackedMethodRefs>
              </MethodPoint>
            </Method>
            <Method visited="false" cyclomaticComplexity="1" nPathComplexity="0" sequenceCoverage="0" branchCoverage="0" crapScore="2" isConstructor="true" isStatic="false" isGetter="false" isSetter="false">
              <Summary numSequencePoints="0" visitedSequencePoints="0" numBranchPoints="0" visitedBranchPoints="0" sequenceCoverage="0" branchCoverage="0" maxCyclomaticComplexity="1" minCyclomaticComplexity="1" maxCrapScore="2" minCrapScore="2" visitedClasses="0" numClasses="0" visitedMethods="0" numMethods="0" />
              <MetadataToken>100663304</MetadataToken>
              <Name>System.Void ExcelscannerTests.Files.FileFinderTests::.ctor()</Name>
              <SequencePoints />
              <BranchPoints />
              <MethodPoint vc="0" uspid="73" ordinal="0" offset="0" />
            </Method>
          </Methods>
        </Class>
      </Classes>
      <TrackedMethods>
        <TrackedMethod uid="1" token="100663297" name="System.Void ExcelscannerTests.Logging.ConfigGeneratorTests::TestConstructor_ConsoleOnly()" strategy="MSTestTest" />
        <TrackedMethod uid="2" token="100663298" name="System.Void ExcelscannerTests.Logging.ConfigGeneratorTests::TestConstructor_ConsoleAndFile()" strategy="MSTestTest" />
        <TrackedMethod uid="3" token="100663299" name="System.Void ExcelscannerTests.Logging.ConfigGeneratorTests::TestConstructor_BadFile()" strategy="MSTestTest" />
        <TrackedMethod uid="4" token="100663300" name="System.Void ExcelscannerTests.Logging.ConfigGeneratorTests::TestConstructor_DebugMode()" strategy="MSTestTest" />
        <TrackedMethod uid="5" token="100663302" name="System.Void ExcelscannerTests.Files.FileFinderTests::FindFiles_Simple()" strategy="MSTestTest" />
        <TrackedMethod uid="6" token="100663303" name="System.Void ExcelscannerTests.Files.FileFinderTests::FindFiles_Recursive()" strategy="MSTestTest" />
      </TrackedMethods>
    </Module>
    <Module hash="BA-48-25-A4-EE-A4-E6-C4-36-0B-3F-CD-BF-A9-1C-8D-FE-A2-B5-C9">
      <Summary numSequencePoints="256" visitedSequencePoints="55" numBranchPoints="62" visitedBranchPoints="13" sequenceCoverage="21.48" branchCoverage="20.97" maxCyclomaticComplexity="8" minCyclomaticComplexity="1" maxCrapScore="72" minCrapScore="1" visitedClasses="2" numClasses="9" visitedMethods="7" numMethods="30" />
      <ModulePath>C:\Users\owner\Documents\Visual Studio 2017\Projects\excelscanner\ExcelscannerTests\bin\Debug\excelscanner.exe</ModulePath>
      <ModuleTime>2018-08-14T13:42:43.5173736Z</ModuleTime>
      <ModuleName>excelscanner</ModuleName>
      <Files>
        <File uid="7" fullPath="C:\Users\owner\Documents\Visual Studio 2017\Projects\excelscanner\excelscanner\CLIArguments.cs" />
        <File uid="8" fullPath="C:\Users\owner\Documents\Visual Studio 2017\Projects\excelscanner\excelscanner\Program.cs" />
        <File uid="10" fullPath="C:\Users\owner\Documents\Visual Studio 2017\Projects\excelscanner\excelscanner\Plugins\DLLLoader.cs" />
        <File uid="11" fullPath="C:\Users\owner\Documents\Visual Studio 2017\Projects\excelscanner\excelscanner\Plugins\PluginManager.cs" />
        <File uid="12" fullPath="C:\Users\owner\Documents\Visual Studio 2017\Projects\excelscanner\excelscanner\Logging\ConfigGenerator.cs" />
        <File uid="13" fullPath="C:\Users\owner\Documents\Visual Studio 2017\Projects\excelscanner\excelscanner\Files\FileFinder.cs" />
        <File uid="14" fullPath="C:\Users\owner\Documents\Visual Studio 2017\Projects\excelscanner\excelscanner\App\App.cs" />
        <File uid="15" fullPath="C:\Users\owner\Documents\Visual Studio 2017\Projects\excelscanner\excelscanner\App\ProcessorApp.cs" />
        <File uid="16" fullPath="C:\Users\owner\Documents\Visual Studio 2017\Projects\excelscanner\excelscanner\App\FileProcessor.cs" />
      </Files>
      <Classes>
        <Class>
          <Summary numSequencePoints="0" visitedSequencePoints="0" numBranchPoints="0" visitedBranchPoints="0" sequenceCoverage="0" branchCoverage="0" maxCyclomaticComplexity="1" minCyclomaticComplexity="1" maxCrapScore="2" minCrapScore="2" visitedClasses="0" numClasses="0" visitedMethods="0" numMethods="0" />
          <FullName>excelscanner.CLIArguments</FullName>
          <Methods>
            <Method skippedDueTo="AutoImplementedProperty" visited="false" cyclomaticComplexity="1" nPathComplexity="0" sequenceCoverage="0" branchCoverage="0" crapScore="0" isConstructor="false" isStatic="false" isGetter="true" isSetter="false">
              <MetadataToken>100663297</MetadataToken>
              <Name>System.Boolean excelscanner.CLIArguments::get_Debug()</Name>
              <FileRef uid="7" />
              <SequencePoints />
              <BranchPoints />
            </Method>
            <Method skippedDueTo="AutoImplementedProperty" visited="false" cyclomaticComplexity="1" nPathComplexity="0" sequenceCoverage="0" branchCoverage="0" crapScore="0" isConstructor="false" isStatic="false" isGetter="false" isSetter="true">
              <MetadataToken>100663298</MetadataToken>
              <Name>System.Void excelscanner.CLIArguments::set_Debug(System.Boolean)</Name>
              <FileRef uid="7" />
              <SequencePoints />
              <BranchPoints />
            </Method>
            <Method skippedDueTo="AutoImplementedProperty" visited="false" cyclomaticComplexity="1" nPathComplexity="0" sequenceCoverage="0" branchCoverage="0" crapScore="0" isConstructor="false" isStatic="false" isGetter="true" isSetter="false">
              <MetadataToken>100663299</MetadataToken>
              <Name>System.String excelscanner.CLIArguments::get_Input()</Name>
              <FileRef uid="7" />
              <SequencePoints />
              <BranchPoints />
            </Method>
            <Method skippedDueTo="AutoImplementedProperty" visited="false" cyclomaticComplexity="1" nPathComplexity="0" sequenceCoverage="0" branchCoverage="0" crapScore="0" isConstructor="false" isStatic="false" isGetter="false" isSetter="true">
              <MetadataToken>100663300</MetadataToken>
              <Name>System.Void excelscanner.CLIArguments::set_Input(System.String)</Name>
              <FileRef uid="7" />
              <SequencePoints />
              <BranchPoints />
            </Method>
            <Method skippedDueTo="AutoImplementedProperty" visited="false" cyclomaticComplexity="1" nPathComplexity="0" sequenceCoverage="0" branchCoverage="0" crapScore="0" isConstructor="false" isStatic="false" isGetter="true" isSetter="false">
              <MetadataToken>100663301</MetadataToken>
              <Name>System.String excelscanner.CLIArguments::get_Output()</Name>
              <FileRef uid="7" />
              <SequencePoints />
              <BranchPoints />
            </Method>
            <Method skippedDueTo="AutoImplementedProperty" visited="false" cyclomaticComplexity="1" nPathComplexity="0" sequenceCoverage="0" branchCoverage="0" crapScore="0" isConstructor="false" isStatic="false" isGetter="false" isSetter="true">
              <MetadataToken>100663302</MetadataToken>
              <Name>System.Void excelscanner.CLIArguments::set_Output(System.String)</Name>
              <FileRef uid="7" />
              <SequencePoints />
              <BranchPoints />
            </Method>
            <Method skippedDueTo="AutoImplementedProperty" visited="false" cyclomaticComplexity="1" nPathComplexity="0" sequenceCoverage="0" branchCoverage="0" crapScore="0" isConstructor="false" isStatic="false" isGetter="true" isSetter="false">
              <MetadataToken>100663303</MetadataToken>
              <Name>System.String excelscanner.CLIArguments::get_File()</Name>
              <FileRef uid="7" />
              <SequencePoints />
              <BranchPoints />
            </Method>
            <Method skippedDueTo="AutoImplementedProperty" visited="false" cyclomaticComplexity="1" nPathComplexity="0" sequenceCoverage="0" branchCoverage="0" crapScore="0" isConstructor="false" isStatic="false" isGetter="false" isSetter="true">
              <MetadataToken>100663304</MetadataToken>
              <Name>System.Void excelscanner.CLIArguments::set_File(System.String)</Name>
              <FileRef uid="7" />
              <SequencePoints />
              <BranchPoints />
            </Method>
            <Method visited="false" cyclomaticComplexity="1" nPathComplexity="0" sequenceCoverage="0" branchCoverage="0" crapScore="2" isConstructor="true" isStatic="false" isGetter="false" isSetter="false">
              <Summary numSequencePoints="0" visitedSequencePoints="0" numBranchPoints="0" visitedBranchPoints="0" sequenceCoverage="0" branchCoverage="0" maxCyclomaticComplexity="1" minCyclomaticComplexity="1" maxCrapScore="2" minCrapScore="2" visitedClasses="0" numClasses="0" visitedMethods="0" numMethods="0" />
              <MetadataToken>100663305</MetadataToken>
              <Name>System.Void excelscanner.CLIArguments::.ctor()</Name>
              <SequencePoints />
              <BranchPoints />
              <MethodPoint vc="0" uspid="74" ordinal="0" offset="0" />
            </Method>
          </Methods>
        </Class>
        <Class>
          <Summary numSequencePoints="21" visitedSequencePoints="0" numBranchPoints="3" visitedBranchPoints="0" sequenceCoverage="0" branchCoverage="0" maxCyclomaticComplexity="3" minCyclomaticComplexity="1" maxCrapScore="12" minCrapScore="2" visitedClasses="0" numClasses="1" visitedMethods="0" numMethods="3" />
          <FullName>excelscanner.Program</FullName>
          <Methods>
            <Method visited="false" cyclomaticComplexity="3" nPathComplexity="0" sequenceCoverage="0" branchCoverage="0" crapScore="12" isConstructor="false" isStatic="true" isGetter="false" isSetter="false">
              <Summary numSequencePoints="5" visitedSequencePoints="0" numBranchPoints="1" visitedBranchPoints="0" sequenceCoverage="0" branchCoverage="0" maxCyclomaticComplexity="3" minCyclomaticComplexity="3" maxCrapScore="12" minCrapScore="12" visitedClasses="0" numClasses="0" visitedMethods="0" numMethods="1" />
              <MetadataToken>100663306</MetadataToken>
              <Name>System.Void excelscanner.Program::Main(System.String[])</Name>
              <FileRef uid="8" />
              <SequencePoints>
                <SequencePoint vc="0" uspid="75" ordinal="0" offset="0" sl="22" sc="9" el="22" ec="10" bec="0" bev="0" fileid="8" />
                <SequencePoint vc="0" uspid="76" ordinal="1" offset="1" sl="23" sc="13" el="23" ec="98" bec="0" bev="0" fileid="8" />
                <SequencePoint vc="0" uspid="77" ordinal="2" offset="13" sl="25" sc="13" el="25" ec="73" bec="0" bev="0" fileid="8" />
                <SequencePoint vc="0" uspid="78" ordinal="3" offset="51" sl="27" sc="13" el="27" ec="66" bec="0" bev="0" fileid="8" />
                <SequencePoint vc="0" uspid="79" ordinal="4" offset="89" sl="28" sc="9" el="28" ec="10" bec="0" bev="0" fileid="8" />
              </SequencePoints>
              <BranchPoints />
              <MethodPoint xsi:type="SequencePoint" vc="0" uspid="75" ordinal="0" offset="0" sl="22" sc="9" el="22" ec="10" bec="0" bev="0" fileid="8" />
            </Method>
            <Method visited="false" cyclomaticComplexity="1" nPathComplexity="0" sequenceCoverage="0" branchCoverage="0" crapScore="2" isConstructor="false" isStatic="true" isGetter="false" isSetter="false">
              <Summary numSequencePoints="13" visitedSequencePoints="0" numBranchPoints="1" visitedBranchPoints="0" sequenceCoverage="0" branchCoverage="0" maxCyclomaticComplexity="1" minCyclomaticComplexity="1" maxCrapScore="2" minCrapScore="2" visitedClasses="0" numClasses="0" visitedMethods="0" numMethods="1" />
              <MetadataToken>100663307</MetadataToken>
              <Name>System.Void excelscanner.Program::BootstrapApp(excelscanner.CLIArguments)</Name>
              <FileRef uid="8" />
              <SequencePoints>
                <SequencePoint vc="0" uspid="84" ordinal="0" offset="0" sl="30" sc="9" el="30" ec="10" bec="0" bev="0" fileid="8" />
                <SequencePoint vc="0" uspid="85" ordinal="1" offset="1" sl="32" sc="13" el="32" ec="102" bec="0" bev="0" fileid="8" />
                <SequencePoint vc="0" uspid="86" ordinal="2" offset="19" sl="33" sc="13" el="33" ec="62" bec="0" bev="0" fileid="8" />
                <SequencePoint vc="0" uspid="87" ordinal="3" offset="31" sl="34" sc="13" el="34" ec="111" bec="0" bev="0" fileid="8" />
                <SequencePoint vc="0" uspid="88" ordinal="4" offset="59" sl="37" sc="13" el="37" ec="58" bec="0" bev="0" fileid="8" />
                <SequencePoint vc="0" uspid="89" ordinal="5" offset="65" sl="38" sc="13" el="38" ec="61" bec="0" bev="0" fileid="8" />
                <SequencePoint vc="0" uspid="90" ordinal="6" offset="77" sl="39" sc="13" el="39" ec="64" bec="0" bev="0" fileid="8" />
                <SequencePoint vc="0" uspid="91" ordinal="7" offset="83" sl="42" sc="13" el="42" ec="79" bec="0" bev="0" fileid="8" />
                <SequencePoint vc="0" uspid="92" ordinal="8" offset="91" sl="43" sc="13" el="43" ec="87" bec="0" bev="0" fileid="8" />
                <SequencePoint vc="0" uspid="93" ordinal="9" offset="101" sl="46" sc="13" el="46" ec="86" bec="0" bev="0" fileid="8" />
                <SequencePoint vc="0" uspid="94" ordinal="10" offset="123" sl="47" sc="13" el="47" ec="92" bec="0" bev="0" fileid="8" />
                <SequencePoint vc="0" uspid="95" ordinal="11" offset="146" sl="48" sc="13" el="48" ec="27" bec="0" bev="0" fileid="8" />
                <SequencePoint vc="0" uspid="96" ordinal="12" offset="154" sl="49" sc="9" el="49" ec="10" bec="0" bev="0" fileid="8" />
              </SequencePoints>
              <BranchPoints />
              <MethodPoint xsi:type="SequencePoint" vc="0" uspid="84" ordinal="0" offset="0" sl="30" sc="9" el="30" ec="10" bec="0" bev="0" fileid="8" />
            </Method>
            <Method visited="false" cyclomaticComplexity="1" nPathComplexity="0" sequenceCoverage="0" branchCoverage="0" crapScore="2" isConstructor="true" isStatic="false" isGetter="false" isSetter="false">
              <Summary numSequencePoints="0" visitedSequencePoints="0" numBranchPoints="0" visitedBranchPoints="0" sequenceCoverage="0" branchCoverage="0" maxCyclomaticComplexity="1" minCyclomaticComplexity="1" maxCrapScore="2" minCrapScore="2" visitedClasses="0" numClasses="0" visitedMethods="0" numMethods="0" />
              <MetadataToken>100663308</MetadataToken>
              <Name>System.Void excelscanner.Program::.ctor()</Name>
              <SequencePoints />
              <BranchPoints />
              <MethodPoint vc="0" uspid="97" ordinal="0" offset="0" />
            </Method>
            <Method visited="false" cyclomaticComplexity="1" nPathComplexity="0" sequenceCoverage="0" branchCoverage="0" crapScore="2" isConstructor="true" isStatic="true" isGetter="false" isSetter="false">
              <Summary numSequencePoints="3" visitedSequencePoints="0" numBranchPoints="1" visitedBranchPoints="0" sequenceCoverage="0" branchCoverage="0" maxCyclomaticComplexity="1" minCyclomaticComplexity="1" maxCrapScore="2" minCrapScore="2" visitedClasses="0" numClasses="0" visitedMethods="0" numMethods="1" />
              <MetadataToken>100663309</MetadataToken>
              <Name>System.Void excelscanner.Program::.cctor()</Name>
              <FileRef uid="8" />
              <SequencePoints>
                <SequencePoint vc="0" uspid="98" ordinal="0" offset="0" sl="12" sc="9" el="12" ec="72" bec="0" bev="0" fileid="8" />
                <SequencePoint vc="0" uspid="99" ordinal="1" offset="10" sl="14" sc="9" el="14" ec="64" bec="0" bev="0" fileid="8" />
                <SequencePoint vc="0" uspid="100" ordinal="2" offset="20" sl="15" sc="9" el="15" ec="70" bec="0" bev="0" fileid="8" />
              </SequencePoints>
              <BranchPoints />
              <MethodPoint xsi:type="SequencePoint" vc="0" uspid="98" ordinal="0" offset="0" sl="12" sc="9" el="12" ec="72" bec="0" bev="0" fileid="8" />
            </Method>
          </Methods>
        </Class>
        <Class>
          <Summary numSequencePoints="2" visitedSequencePoints="0" numBranchPoints="2" visitedBranchPoints="0" sequenceCoverage="0" branchCoverage="0" maxCyclomaticComplexity="1" minCyclomaticComplexity="1" maxCrapScore="2" minCrapScore="2" visitedClasses="0" numClasses="1" visitedMethods="0" numMethods="2" />
          <FullName>excelscanner.Program/&lt;&gt;c</FullName>
          <Methods>
            <Method visited="false" cyclomaticComplexity="1" nPathComplexity="0" sequenceCoverage="0" branchCoverage="0" crapScore="2" isConstructor="true" isStatic="true" isGetter="false" isSetter="false">
              <Summary numSequencePoints="0" visitedSequencePoints="0" numBranchPoints="0" visitedBranchPoints="0" sequenceCoverage="0" branchCoverage="0" maxCyclomaticComplexity="1" minCyclomaticComplexity="1" maxCrapScore="2" minCrapScore="2" visitedClasses="0" numClasses="0" visitedMethods="0" numMethods="0" />
              <MetadataToken>100663341</MetadataToken>
              <Name>System.Void excelscanner.Program/&lt;&gt;c::.cctor()</Name>
              <SequencePoints />
              <BranchPoints />
              <MethodPoint vc="0" uspid="101" ordinal="0" offset="0" />
            </Method>
            <Method visited="false" cyclomaticComplexity="1" nPathComplexity="0" sequenceCoverage="0" branchCoverage="0" crapScore="2" isConstructor="true" isStatic="false" isGetter="false" isSetter="false">
              <Summary numSequencePoints="0" visitedSequencePoints="0" numBranchPoints="0" visitedBranchPoints="0" sequenceCoverage="0" branchCoverage="0" maxCyclomaticComplexity="1" minCyclomaticComplexity="1" maxCrapScore="2" minCrapScore="2" visitedClasses="0" numClasses="0" visitedMethods="0" numMethods="0" />
              <MetadataToken>100663342</MetadataToken>
              <Name>System.Void excelscanner.Program/&lt;&gt;c::.ctor()</Name>
              <SequencePoints />
              <BranchPoints />
              <MethodPoint vc="0" uspid="102" ordinal="0" offset="0" />
            </Method>
            <Method visited="false" cyclomaticComplexity="1" nPathComplexity="0" sequenceCoverage="0" branchCoverage="0" crapScore="2" isConstructor="false" isStatic="false" isGetter="false" isSetter="false">
              <Summary numSequencePoints="1" visitedSequencePoints="0" numBranchPoints="1" visitedBranchPoints="0" sequenceCoverage="0" branchCoverage="0" maxCyclomaticComplexity="1" minCyclomaticComplexity="1" maxCrapScore="2" minCrapScore="2" visitedClasses="0" numClasses="0" visitedMethods="0" numMethods="1" />
              <MetadataToken>100663343</MetadataToken>
              <Name>System.Void excelscanner.Program/&lt;&gt;c::&lt;Main&gt;b__3_0(System.Collections.Generic.IEnumerable`1&lt;CommandLine.Error&gt;)</Name>
              <FileRef uid="8" />
              <SequencePoints>
                <SequencePoint vc="0" uspid="103" ordinal="0" offset="0" sl="25" sc="52" el="25" ec="71" bec="0" bev="0" fileid="8" />
              </SequencePoints>
              <BranchPoints />
              <MethodPoint xsi:type="SequencePoint" vc="0" uspid="103" ordinal="0" offset="0" sl="25" sc="52" el="25" ec="71" bec="0" bev="0" fileid="8" />
            </Method>
            <Method visited="false" cyclomaticComplexity="1" nPathComplexity="0" sequenceCoverage="0" branchCoverage="0" crapScore="2" isConstructor="false" isStatic="false" isGetter="false" isSetter="false">
              <Summary numSequencePoints="1" visitedSequencePoints="0" numBranchPoints="1" visitedBranchPoints="0" sequenceCoverage="0" branchCoverage="0" maxCyclomaticComplexity="1" minCyclomaticComplexity="1" maxCrapScore="2" minCrapScore="2" visitedClasses="0" numClasses="0" visitedMethods="0" numMethods="1" />
              <MetadataToken>100663344</MetadataToken>
              <Name>System.Void excelscanner.Program/&lt;&gt;c::&lt;Main&gt;b__3_1(excelscanner.CLIArguments)</Name>
              <FileRef uid="8" />
              <SequencePoints>
                <SequencePoint vc="0" uspid="104" ordinal="0" offset="0" sl="27" sc="49" el="27" ec="64" bec="0" bev="0" fileid="8" />
              </SequencePoints>
              <BranchPoints />
              <MethodPoint xsi:type="SequencePoint" vc="0" uspid="104" ordinal="0" offset="0" sl="27" sc="49" el="27" ec="64" bec="0" bev="0" fileid="8" />
            </Method>
          </Methods>
        </Class>
        <Class>
          <Summary numSequencePoints="68" visitedSequencePoints="0" numBranchPoints="16" visitedBranchPoints="0" sequenceCoverage="0" branchCoverage="0" maxCyclomaticComplexity="8" minCyclomaticComplexity="1" maxCrapScore="72" minCrapScore="2" visitedClasses="0" numClasses="1" visitedMethods="0" numMethods="4" />
          <FullName>excelscanner.Plugins.DLLLoader</FullName>
          <Methods>
            <Method visited="false" cyclomaticComplexity="3" nPathComplexity="0" sequenceCoverage="0" branchCoverage="0" crapScore="12" isConstructor="false" isStatic="false" isGetter="false" isSetter="false">
              <Summary numSequencePoints="15" visitedSequencePoints="0" numBranchPoints="1" visitedBranchPoints="0" sequenceCoverage="0" branchCoverage="0" maxCyclomaticComplexity="3" minCyclomaticComplexity="3" maxCrapScore="12" minCrapScore="12" visitedClasses="0" numClasses="0" visitedMethods="0" numMethods="1" />
              <MetadataToken>100663310</MetadataToken>
              <Name>System.Collections.Generic.ICollection`1&lt;PluginContracts.IExcelProcess&gt; excelscanner.Plugins.DLLLoader::Load(System.String)</Name>
              <FileRef uid="10" />
              <SequencePoints>
                <SequencePoint vc="0" uspid="105" ordinal="0" offset="0" sl="12" sc="9" el="12" ec="10" bec="0" bev="0" fileid="10" />
                <SequencePoint vc="0" uspid="106" ordinal="1" offset="1" sl="14" sc="13" el="14" ec="56" bec="0" bev="0" fileid="10" />
                <SequencePoint vc="0" uspid="107" ordinal="2" offset="9" sl="16" sc="13" el="16" ec="77" bec="0" bev="0" fileid="10" />
                <SequencePoint vc="0" uspid="108" ordinal="3" offset="17" sl="18" sc="13" el="18" ec="72" bec="0" bev="0" fileid="10" />
                <SequencePoint vc="0" uspid="109" ordinal="4" offset="25" sl="21" sc="13" el="21" ec="93" bec="0" bev="0" fileid="10" />
                <SequencePoint vc="0" uspid="110" ordinal="5" offset="37" sl="22" sc="13" el="22" ec="20" bec="0" bev="0" fileid="10" />
                <SequencePoint vc="0" uspid="111" ordinal="6" offset="38" sl="22" sc="35" el="22" ec="46" bec="0" bev="0" fileid="10" />
                <SequencePoint vc="0" uspid="112" ordinal="7" offset="48" sl="22" sc="22" el="22" ec="31" bec="0" bev="0" fileid="10" />
                <SequencePoint vc="0" uspid="113" ordinal="8" offset="57" sl="23" sc="13" el="23" ec="14" bec="0" bev="0" fileid="10" />
                <SequencePoint vc="0" uspid="114" ordinal="9" offset="58" sl="24" sc="17" el="24" ec="86" bec="0" bev="0" fileid="10" />
                <SequencePoint vc="0" uspid="115" ordinal="10" offset="72" sl="25" sc="17" el="25" ec="37" bec="0" bev="0" fileid="10" />
                <SequencePoint vc="0" uspid="116" ordinal="11" offset="81" sl="26" sc="13" el="26" ec="14" bec="0" bev="0" fileid="10" />
                <SequencePoint vc="0" uspid="117" ordinal="12" offset="82" sl="22" sc="32" el="22" ec="34" bec="0" bev="0" fileid="10" />
                <SequencePoint vc="0" uspid="118" ordinal="13" offset="106" sl="28" sc="13" el="28" ec="28" bec="0" bev="0" fileid="10" />
                <SequencePoint vc="0" uspid="119" ordinal="14" offset="111" sl="29" sc="9" el="29" ec="10" bec="0" bev="0" fileid="10" />
              </SequencePoints>
              <BranchPoints />
              <MethodPoint xsi:type="SequencePoint" vc="0" uspid="105" ordinal="0" offset="0" sl="12" sc="9" el="12" ec="10" bec="0" bev="0" fileid="10" />
            </Method>
            <Method visited="false" cyclomaticComplexity="2" nPathComplexity="2" sequenceCoverage="0" branchCoverage="0" crapScore="6" isConstructor="false" isStatic="false" isGetter="false" isSetter="false">
              <Summary numSequencePoints="8" visitedSequencePoints="0" numBranchPoints="3" visitedBranchPoints="0" sequenceCoverage="0" branchCoverage="0" maxCyclomaticComplexity="2" minCyclomaticComplexity="2" maxCrapScore="6" minCrapScore="6" visitedClasses="0" numClasses="0" visitedMethods="0" numMethods="1" />
              <MetadataToken>100663311</MetadataToken>
              <Name>System.String[] excelscanner.Plugins.DLLLoader::GetDLLs(System.String)</Name>
              <FileRef uid="10" />
              <SequencePoints>
                <SequencePoint vc="0" uspid="122" ordinal="0" offset="0" sl="32" sc="9" el="32" ec="10" bec="0" bev="0" fileid="10" />
                <SequencePoint vc="0" uspid="123" ordinal="1" offset="1" sl="33" sc="13" el="33" ec="34" bec="0" bev="0" fileid="10" />
                <SequencePoint vc="0" uspid="124" ordinal="2" offset="3" sl="34" sc="13" el="34" ec="45" bec="2" bev="0" fileid="10" />
                <SequencePoint vc="0" uspid="125" ordinal="3" offset="13" sl="35" sc="13" el="35" ec="14" bec="0" bev="0" fileid="10" />
                <SequencePoint vc="0" uspid="126" ordinal="4" offset="14" sl="36" sc="17" el="36" ec="63" bec="0" bev="0" fileid="10" />
                <SequencePoint vc="0" uspid="127" ordinal="5" offset="26" sl="37" sc="13" el="37" ec="14" bec="0" bev="0" fileid="10" />
                <SequencePoint vc="0" uspid="128" ordinal="6" offset="27" sl="39" sc="13" el="39" ec="25" bec="0" bev="0" fileid="10" />
                <SequencePoint vc="0" uspid="129" ordinal="7" offset="31" sl="40" sc="9" el="40" ec="10" bec="0" bev="0" fileid="10" />
              </SequencePoints>
              <BranchPoints>
                <BranchPoint vc="0" uspid="130" ordinal="0" offset="11" sl="34" path="0" offsetend="13" fileid="10" />
                <BranchPoint vc="0" uspid="131" ordinal="1" offset="11" sl="34" path="1" offsetend="27" fileid="10" />
              </BranchPoints>
              <MethodPoint xsi:type="SequencePoint" vc="0" uspid="122" ordinal="0" offset="0" sl="32" sc="9" el="32" ec="10" bec="0" bev="0" fileid="10" />
            </Method>
            <Method visited="false" cyclomaticComplexity="3" nPathComplexity="2" sequenceCoverage="0" branchCoverage="0" crapScore="12" isConstructor="false" isStatic="false" isGetter="false" isSetter="false">
              <Summary numSequencePoints="15" visitedSequencePoints="0" numBranchPoints="3" visitedBranchPoints="0" sequenceCoverage="0" branchCoverage="0" maxCyclomaticComplexity="3" minCyclomaticComplexity="3" maxCrapScore="12" minCrapScore="12" visitedClasses="0" numClasses="0" visitedMethods="0" numMethods="1" />
              <MetadataToken>100663312</MetadataToken>
              <Name>System.Collections.Generic.ICollection`1&lt;System.Reflection.Assembly&gt; excelscanner.Plugins.DLLLoader::LoadAssemblies(System.String[])</Name>
              <FileRef uid="10" />
              <SequencePoints>
                <SequencePoint vc="0" uspid="132" ordinal="0" offset="0" sl="43" sc="9" el="43" ec="10" bec="0" bev="0" fileid="10" />
                <SequencePoint vc="0" uspid="133" ordinal="1" offset="1" sl="44" sc="13" el="44" ec="38" bec="2" bev="0" fileid="10" />
                <SequencePoint vc="0" uspid="134" ordinal="2" offset="9" sl="44" sc="39" el="44" ec="68" bec="0" bev="0" fileid="10" />
                <SequencePoint vc="0" uspid="135" ordinal="3" offset="18" sl="46" sc="13" el="46" ec="88" bec="0" bev="0" fileid="10" />
                <SequencePoint vc="0" uspid="136" ordinal="4" offset="27" sl="47" sc="13" el="47" ec="20" bec="0" bev="0" fileid="10" />
                <SequencePoint vc="0" uspid="137" ordinal="5" offset="28" sl="47" sc="40" el="47" ec="52" bec="0" bev="0" fileid="10" />
                <SequencePoint vc="0" uspid="138" ordinal="6" offset="35" sl="47" sc="22" el="47" ec="36" bec="0" bev="0" fileid="10" />
                <SequencePoint vc="0" uspid="139" ordinal="7" offset="41" sl="48" sc="13" el="48" ec="14" bec="0" bev="0" fileid="10" />
                <SequencePoint vc="0" uspid="140" ordinal="8" offset="42" sl="49" sc="17" el="49" ec="73" bec="0" bev="0" fileid="10" />
                <SequencePoint vc="0" uspid="141" ordinal="9" offset="51" sl="50" sc="17" el="50" ec="55" bec="0" bev="0" fileid="10" />
                <SequencePoint vc="0" uspid="142" ordinal="10" offset="60" sl="51" sc="17" el="51" ec="42" bec="0" bev="0" fileid="10" />
                <SequencePoint vc="0" uspid="143" ordinal="11" offset="69" sl="52" sc="13" el="52" ec="14" bec="0" bev="0" fileid="10" />
                <SequencePoint vc="0" uspid="144" ordinal="12" offset="76" sl="47" sc="37" el="47" ec="39" bec="0" bev="0" fileid="10" />
                <SequencePoint vc="0" uspid="145" ordinal="13" offset="83" sl="54" sc="13" el="54" ec="31" bec="0" bev="0" fileid="10" />
                <SequencePoint vc="0" uspid="146" ordinal="14" offset="87" sl="55" sc="9" el="55" ec="10" bec="0" bev="0" fileid="10" />
              </SequencePoints>
              <BranchPoints>
                <BranchPoint vc="0" uspid="147" ordinal="0" offset="7" sl="44" path="0" offsetend="9" fileid="10" />
                <BranchPoint vc="0" uspid="148" ordinal="1" offset="7" sl="44" path="1" offsetend="18" fileid="10" />
              </BranchPoints>
              <MethodPoint xsi:type="SequencePoint" vc="0" uspid="132" ordinal="0" offset="0" sl="43" sc="9" el="43" ec="10" bec="0" bev="0" fileid="10" />
            </Method>
            <Method visited="false" cyclomaticComplexity="8" nPathComplexity="16" sequenceCoverage="0" branchCoverage="0" crapScore="72" isConstructor="false" isStatic="false" isGetter="false" isSetter="false">
              <Summary numSequencePoints="30" visitedSequencePoints="0" numBranchPoints="9" visitedBranchPoints="0" sequenceCoverage="0" branchCoverage="0" maxCyclomaticComplexity="8" minCyclomaticComplexity="8" maxCrapScore="72" minCrapScore="72" visitedClasses="0" numClasses="0" visitedMethods="0" numMethods="1" />
              <MetadataToken>100663313</MetadataToken>
              <Name>System.Collections.Generic.ICollection`1&lt;System.Type&gt; excelscanner.Plugins.DLLLoader::GetPluginTypes(System.Collections.Generic.ICollection`1&lt;System.Reflection.Assembly&gt;)</Name>
              <FileRef uid="10" />
              <SequencePoints>
                <SequencePoint vc="0" uspid="151" ordinal="0" offset="0" sl="58" sc="9" el="58" ec="10" bec="0" bev="0" fileid="10" />
                <SequencePoint vc="0" uspid="152" ordinal="1" offset="1" sl="59" sc="13" el="59" ec="53" bec="0" bev="0" fileid="10" />
                <SequencePoint vc="0" uspid="153" ordinal="2" offset="12" sl="60" sc="13" el="60" ec="62" bec="0" bev="0" fileid="10" />
                <SequencePoint vc="0" uspid="154" ordinal="3" offset="18" sl="62" sc="13" el="62" ec="20" bec="0" bev="0" fileid="10" />
                <SequencePoint vc="0" uspid="155" ordinal="4" offset="19" sl="62" sc="43" el="62" ec="53" bec="0" bev="0" fileid="10" />
                <SequencePoint vc="0" uspid="156" ordinal="5" offset="31" sl="62" sc="22" el="62" ec="39" bec="0" bev="0" fileid="10" />
                <SequencePoint vc="0" uspid="157" ordinal="6" offset="38" sl="63" sc="13" el="63" ec="14" bec="0" bev="0" fileid="10" />
                <SequencePoint vc="0" uspid="158" ordinal="7" offset="39" sl="64" sc="17" el="64" ec="38" bec="2" bev="0" fileid="10" />
                <SequencePoint vc="0" uspid="159" ordinal="8" offset="52" sl="65" sc="17" el="65" ec="18" bec="0" bev="0" fileid="10" />
                <SequencePoint vc="0" uspid="160" ordinal="9" offset="53" sl="66" sc="21" el="66" ec="56" bec="0" bev="0" fileid="10" />
                <SequencePoint vc="0" uspid="161" ordinal="10" offset="61" sl="67" sc="21" el="67" ec="28" bec="0" bev="0" fileid="10" />
                <SequencePoint vc="0" uspid="162" ordinal="11" offset="62" sl="67" sc="43" el="67" ec="48" bec="0" bev="0" fileid="10" />
                <SequencePoint vc="0" uspid="163" ordinal="12" offset="71" sl="67" sc="30" el="67" ec="39" bec="0" bev="0" fileid="10" />
                <SequencePoint vc="0" uspid="164" ordinal="13" offset="78" sl="68" sc="21" el="68" ec="22" bec="0" bev="0" fileid="10" />
                <SequencePoint vc="0" uspid="165" ordinal="14" offset="79" sl="69" sc="25" el="69" ec="65" bec="4" bev="0" fileid="10" />
                <SequencePoint vc="0" uspid="166" ordinal="15" offset="104" sl="70" sc="25" el="70" ec="26" bec="0" bev="0" fileid="10" />
                <SequencePoint vc="0" uspid="167" ordinal="16" offset="105" sl="71" sc="29" el="71" ec="38" bec="0" bev="0" fileid="10" />
                <SequencePoint vc="0" uspid="168" ordinal="17" offset="107" sl="74" sc="25" el="74" ec="26" bec="0" bev="0" fileid="10" />
                <SequencePoint vc="0" uspid="169" ordinal="18" offset="108" sl="75" sc="29" el="75" ec="80" bec="2" bev="0" fileid="10" />
                <SequencePoint vc="0" uspid="170" ordinal="19" offset="133" sl="76" sc="29" el="76" ec="30" bec="0" bev="0" fileid="10" />
                <SequencePoint vc="0" uspid="171" ordinal="20" offset="134" sl="77" sc="33" el="77" ec="55" bec="0" bev="0" fileid="10" />
                <SequencePoint vc="0" uspid="172" ordinal="21" offset="143" sl="78" sc="29" el="78" ec="30" bec="0" bev="0" fileid="10" />
                <SequencePoint vc="0" uspid="173" ordinal="22" offset="144" sl="79" sc="25" el="79" ec="26" bec="0" bev="0" fileid="10" />
                <SequencePoint vc="0" uspid="174" ordinal="23" offset="145" sl="80" sc="21" el="80" ec="22" bec="0" bev="0" fileid="10" />
                <SequencePoint vc="0" uspid="175" ordinal="24" offset="152" sl="67" sc="40" el="67" ec="42" bec="0" bev="0" fileid="10" />
                <SequencePoint vc="0" uspid="176" ordinal="25" offset="160" sl="81" sc="17" el="81" ec="18" bec="0" bev="0" fileid="10" />
                <SequencePoint vc="0" uspid="177" ordinal="26" offset="161" sl="82" sc="13" el="82" ec="14" bec="0" bev="0" fileid="10" />
                <SequencePoint vc="0" uspid="178" ordinal="27" offset="162" sl="62" sc="40" el="62" ec="42" bec="0" bev="0" fileid="10" />
                <SequencePoint vc="0" uspid="179" ordinal="28" offset="186" sl="84" sc="13" el="84" ec="32" bec="0" bev="0" fileid="10" />
                <SequencePoint vc="0" uspid="180" ordinal="29" offset="191" sl="85" sc="9" el="85" ec="10" bec="0" bev="0" fileid="10" />
              </SequencePoints>
              <BranchPoints>
                <BranchPoint vc="0" uspid="181" ordinal="0" offset="50" sl="64" path="0" offsetend="52" fileid="10" />
                <BranchPoint vc="0" uspid="182" ordinal="1" offset="50" sl="64" path="1" offsetend="161" fileid="10" />
                <BranchPoint vc="0" uspid="183" ordinal="2" offset="86" sl="69" path="0" offsetend="88" fileid="10" />
                <BranchPoint vc="0" uspid="184" ordinal="3" offset="86" sl="69" path="1" offsetend="97" fileid="10" />
                <BranchPoint vc="0" uspid="185" ordinal="4" offset="102" sl="69" path="0" offsetend="104" fileid="10" />
                <BranchPoint vc="0" uspid="186" ordinal="5" offset="102" sl="69" path="1" offsetend="107" fileid="10" />
                <BranchPoint vc="0" uspid="187" ordinal="6" offset="131" sl="75" path="0" offsetend="133" fileid="10" />
                <BranchPoint vc="0" uspid="188" ordinal="7" offset="131" sl="75" path="1" offsetend="144" fileid="10" />
              </BranchPoints>
              <MethodPoint xsi:type="SequencePoint" vc="0" uspid="151" ordinal="0" offset="0" sl="58" sc="9" el="58" ec="10" bec="0" bev="0" fileid="10" />
            </Method>
            <Method visited="false" cyclomaticComplexity="1" nPathComplexity="0" sequenceCoverage="0" branchCoverage="0" crapScore="2" isConstructor="true" isStatic="false" isGetter="false" isSetter="false">
              <Summary numSequencePoints="0" visitedSequencePoints="0" numBranchPoints="0" visitedBranchPoints="0" sequenceCoverage="0" branchCoverage="0" maxCyclomaticComplexity="1" minCyclomaticComplexity="1" maxCrapScore="2" minCrapScore="2" visitedClasses="0" numClasses="0" visitedMethods="0" numMethods="0" />
              <MetadataToken>100663314</MetadataToken>
              <Name>System.Void excelscanner.Plugins.DLLLoader::.ctor()</Name>
              <SequencePoints />
              <BranchPoints />
              <MethodPoint vc="0" uspid="193" ordinal="0" offset="0" />
            </Method>
          </Methods>
        </Class>
        <Class>
          <Summary numSequencePoints="7" visitedSequencePoints="0" numBranchPoints="2" visitedBranchPoints="0" sequenceCoverage="0" branchCoverage="0" maxCyclomaticComplexity="1" minCyclomaticComplexity="1" maxCrapScore="2" minCrapScore="2" visitedClasses="0" numClasses="1" visitedMethods="0" numMethods="2" />
          <FullName>excelscanner.Plugins.PluginManager</FullName>
          <Methods>
            <Method visited="false" cyclomaticComplexity="1" nPathComplexity="0" sequenceCoverage="0" branchCoverage="0" crapScore="2" isConstructor="true" isStatic="false" isGetter="false" isSetter="false">
              <Summary numSequencePoints="4" visitedSequencePoints="0" numBranchPoints="1" visitedBranchPoints="0" sequenceCoverage="0" branchCoverage="0" maxCyclomaticComplexity="1" minCyclomaticComplexity="1" maxCrapScore="2" minCrapScore="2" visitedClasses="0" numClasses="0" visitedMethods="0" numMethods="1" />
              <MetadataToken>100663315</MetadataToken>
              <Name>System.Void excelscanner.Plugins.PluginManager::.ctor(excelscanner.Plugins.DLLLoader)</Name>
              <FileRef uid="11" />
              <SequencePoints>
                <SequencePoint vc="0" uspid="194" ordinal="0" offset="0" sl="10" sc="9" el="10" ec="51" bec="0" bev="0" fileid="11" />
                <SequencePoint vc="0" uspid="195" ordinal="1" offset="7" sl="11" sc="9" el="11" ec="10" bec="0" bev="0" fileid="11" />
                <SequencePoint vc="0" uspid="196" ordinal="2" offset="8" sl="12" sc="13" el="12" ec="33" bec="0" bev="0" fileid="11" />
                <SequencePoint vc="0" uspid="197" ordinal="3" offset="15" sl="13" sc="9" el="13" ec="10" bec="0" bev="0" fileid="11" />
              </SequencePoints>
              <BranchPoints />
              <MethodPoint xsi:type="SequencePoint" vc="0" uspid="194" ordinal="0" offset="0" sl="10" sc="9" el="10" ec="51" bec="0" bev="0" fileid="11" />
            </Method>
            <Method visited="false" cyclomaticComplexity="1" nPathComplexity="0" sequenceCoverage="0" branchCoverage="0" crapScore="2" isConstructor="false" isStatic="false" isGetter="false" isSetter="false">
              <Summary numSequencePoints="3" visitedSequencePoints="0" numBranchPoints="1" visitedBranchPoints="0" sequenceCoverage="0" branchCoverage="0" maxCyclomaticComplexity="1" minCyclomaticComplexity="1" maxCrapScore="2" minCrapScore="2" visitedClasses="0" numClasses="0" visitedMethods="0" numMethods="1" />
              <MetadataToken>100663316</MetadataToken>
              <Name>System.Collections.Generic.ICollection`1&lt;PluginContracts.IExcelProcess&gt; excelscanner.Plugins.PluginManager::LoadFromDirectory(System.String)</Name>
              <FileRef uid="11" />
              <SequencePoints>
                <SequencePoint vc="0" uspid="198" ordinal="0" offset="0" sl="16" sc="9" el="16" ec="10" bec="0" bev="0" fileid="11" />
                <SequencePoint vc="0" uspid="199" ordinal="1" offset="1" sl="17" sc="13" el="17" ec="38" bec="0" bev="0" fileid="11" />
                <SequencePoint vc="0" uspid="200" ordinal="2" offset="16" sl="18" sc="9" el="18" ec="10" bec="0" bev="0" fileid="11" />
              </SequencePoints>
              <BranchPoints />
              <MethodPoint xsi:type="SequencePoint" vc="0" uspid="198" ordinal="0" offset="0" sl="16" sc="9" el="16" ec="10" bec="0" bev="0" fileid="11" />
            </Method>
          </Methods>
        </Class>
        <Class>
          <Summary numSequencePoints="16" visitedSequencePoints="16" numBranchPoints="6" visitedBranchPoints="6" sequenceCoverage="100" branchCoverage="100" maxCyclomaticComplexity="5" minCyclomaticComplexity="1" maxCrapScore="5" minCrapScore="1" visitedClasses="1" numClasses="1" visitedMethods="2" numMethods="2" />
          <FullName>excelscanner.Logging.ConfigGenerator</FullName>
          <Methods>
            <Method visited="true" cyclomaticComplexity="5" nPathComplexity="4" sequenceCoverage="100" branchCoverage="100" crapScore="5" isConstructor="true" isStatic="false" isGetter="false" isSetter="false">
              <Summary numSequencePoints="13" visitedSequencePoints="13" numBranchPoints="5" visitedBranchPoints="5" sequenceCoverage="100" branchCoverage="100" maxCyclomaticComplexity="5" minCyclomaticComplexity="5" maxCrapScore="5" minCrapScore="5" visitedClasses="0" numClasses="0" visitedMethods="1" numMethods="1" />
              <MetadataToken>100663317</MetadataToken>
              <Name>System.Void excelscanner.Logging.ConfigGenerator::.ctor(System.Boolean,System.String)</Name>
              <FileRef uid="12" />
              <SequencePoints>
                <SequencePoint vc="5" uspid="201" ordinal="0" offset="0" sl="33" sc="9" el="33" ec="76" bec="0" bev="0" fileid="12">
                  <TrackedMethodRefs>
                    <TrackedMethodRef uid="3" vc="1" />
                    <TrackedMethodRef uid="2" vc="1" />
                    <TrackedMethodRef uid="1" vc="1" />
                    <TrackedMethodRef uid="4" vc="2" />
                  </TrackedMethodRefs>
                </SequencePoint>
                <SequencePoint vc="5" uspid="202" ordinal="1" offset="16" sl="35" sc="9" el="35" ec="67" bec="0" bev="0" fileid="12">
                  <TrackedMethodRefs>
                    <TrackedMethodRef uid="3" vc="1" />
                    <TrackedMethodRef uid="2" vc="1" />
                    <TrackedMethodRef uid="1" vc="1" />
                    <TrackedMethodRef uid="4" vc="2" />
                  </TrackedMethodRefs>
                </SequencePoint>
                <SequencePoint vc="5" uspid="203" ordinal="2" offset="23" sl="36" sc="9" el="36" ec="10" bec="0" bev="0" fileid="12">
                  <TrackedMethodRefs>
                    <TrackedMethodRef uid="3" vc="1" />
                    <TrackedMethodRef uid="2" vc="1" />
                    <TrackedMethodRef uid="1" vc="1" />
                    <TrackedMethodRef uid="4" vc="2" />
                  </TrackedMethodRefs>
                </SequencePoint>
                <SequencePoint vc="5" uspid="204" ordinal="3" offset="24" sl="37" sc="13" el="37" ec="49" bec="0" bev="0" fileid="12">
                  <TrackedMethodRefs>
                    <TrackedMethodRef uid="3" vc="1" />
                    <TrackedMethodRef uid="2" vc="1" />
                    <TrackedMethodRef uid="1" vc="1" />
                    <TrackedMethodRef uid="4" vc="2" />
                  </TrackedMethodRefs>
                </SequencePoint>
                <SequencePoint vc="5" uspid="205" ordinal="4" offset="35" sl="39" sc="13" el="39" ec="73" bec="2" bev="2" fileid="12">
                  <TrackedMethodRefs>
                    <TrackedMethodRef uid="3" vc="1" />
                    <TrackedMethodRef uid="2" vc="1" />
                    <TrackedMethodRef uid="1" vc="1" />
                    <TrackedMethodRef uid="4" vc="2" />
                  </TrackedMethodRefs>
                </SequencePoint>
                <SequencePoint vc="5" uspid="206" ordinal="5" offset="51" sl="40" sc="13" el="40" ec="43" bec="0" bev="0" fileid="12">
[...]
                <SequencePoint vc="0" uspid="296" ordinal="3" offset="19" sl="24" sc="13" el="24" ec="57" bec="0" bev="0" fileid="16" />
                <SequencePoint vc="0" uspid="297" ordinal="4" offset="30" sl="26" sc="13" el="26" ec="20" bec="0" bev="0" fileid="16" />
                <SequencePoint vc="0" uspid="298" ordinal="5" offset="31" sl="26" sc="37" el="26" ec="42" bec="0" bev="0" fileid="16" />
                <SequencePoint vc="0" uspid="299" ordinal="6" offset="40" sl="26" sc="22" el="26" ec="33" bec="0" bev="0" fileid="16" />
                <SequencePoint vc="0" uspid="300" ordinal="7" offset="48" sl="27" sc="17" el="27" ec="39" bec="0" bev="0" fileid="16" />
                <SequencePoint vc="0" uspid="301" ordinal="8" offset="61" sl="26" sc="34" el="26" ec="36" bec="0" bev="0" fileid="16" />
                <SequencePoint vc="0" uspid="302" ordinal="9" offset="87" sl="29" sc="13" el="29" ec="42" bec="0" bev="0" fileid="16" />
                <SequencePoint vc="0" uspid="303" ordinal="10" offset="95" sl="30" sc="9" el="30" ec="10" bec="0" bev="0" fileid="16" />
              </SequencePoints>
              <BranchPoints />
              <MethodPoint xsi:type="SequencePoint" vc="0" uspid="293" ordinal="0" offset="0" sl="17" sc="9" el="17" ec="73" bec="0" bev="0" fileid="16" />
            </Method>
            <Method visited="false" cyclomaticComplexity="1" nPathComplexity="0" sequenceCoverage="0" branchCoverage="0" crapScore="2" isConstructor="false" isStatic="false" isGetter="false" isSetter="false">
              <Summary numSequencePoints="4" visitedSequencePoints="0" numBranchPoints="1" visitedBranchPoints="0" sequenceCoverage="0" branchCoverage="0" maxCyclomaticComplexity="1" minCyclomaticComplexity="1" maxCrapScore="2" minCrapScore="2" visitedClasses="0" numClasses="0" visitedMethods="0" numMethods="1" />
              <MetadataToken>100663334</MetadataToken>
              <Name>System.Void excelscanner.App.FileProcessor::AddPlugin(PluginContracts.IExcelProcess)</Name>
              <FileRef uid="16" />
              <SequencePoints>
                <SequencePoint vc="0" uspid="306" ordinal="0" offset="0" sl="33" sc="9" el="33" ec="10" bec="0" bev="0" fileid="16" />
                <SequencePoint vc="0" uspid="307" ordinal="1" offset="1" sl="34" sc="13" el="34" ec="33" bec="0" bev="0" fileid="16" />
                <SequencePoint vc="0" uspid="308" ordinal="2" offset="14" sl="35" sc="13" el="35" ec="51" bec="0" bev="0" fileid="16" />
                <SequencePoint vc="0" uspid="309" ordinal="3" offset="25" sl="36" sc="9" el="36" ec="10" bec="0" bev="0" fileid="16" />
              </SequencePoints>
              <BranchPoints />
              <MethodPoint xsi:type="SequencePoint" vc="0" uspid="306" ordinal="0" offset="0" sl="33" sc="9" el="33" ec="10" bec="0" bev="0" fileid="16" />
            </Method>
            <Method visited="false" cyclomaticComplexity="5" nPathComplexity="2" sequenceCoverage="0" branchCoverage="0" crapScore="30" isConstructor="false" isStatic="false" isGetter="false" isSetter="false">
              <Summary numSequencePoints="11" visitedSequencePoints="0" numBranchPoints="3" visitedBranchPoints="0" sequenceCoverage="0" branchCoverage="0" maxCyclomaticComplexity="5" minCyclomaticComplexity="5" maxCrapScore="30" minCrapScore="30" visitedClasses="0" numClasses="0" visitedMethods="0" numMethods="1" />
              <MetadataToken>100663335</MetadataToken>
              <Name>System.Void excelscanner.App.FileProcessor::AddPlugins(System.Collections.Generic.ICollection`1&lt;PluginContracts.IExcelProcess&gt;)</Name>
              <FileRef uid="16" />
              <SequencePoints>
                <SequencePoint vc="0" uspid="310" ordinal="0" offset="0" sl="38" sc="9" el="38" ec="10" bec="0" bev="0" fileid="16" />
                <SequencePoint vc="0" uspid="311" ordinal="1" offset="1" sl="39" sc="13" el="39" ec="20" bec="0" bev="0" fileid="16" />
                <SequencePoint vc="0" uspid="312" ordinal="2" offset="2" sl="39" sc="46" el="39" ec="53" bec="0" bev="0" fileid="16" />
                <SequencePoint vc="0" uspid="313" ordinal="3" offset="11" sl="39" sc="22" el="39" ec="42" bec="0" bev="0" fileid="16" />
                <SequencePoint vc="0" uspid="314" ordinal="4" offset="18" sl="40" sc="13" el="40" ec="14" bec="0" bev="0" fileid="16" />
                <SequencePoint vc="0" uspid="315" ordinal="5" offset="19" sl="41" sc="17" el="41" ec="42" bec="0" bev="0" fileid="16" />
                <SequencePoint vc="0" uspid="316" ordinal="6" offset="32" sl="42" sc="13" el="42" ec="14" bec="0" bev="0" fileid="16" />
                <SequencePoint vc="0" uspid="317" ordinal="7" offset="33" sl="39" sc="43" el="39" ec="45" bec="0" bev="0" fileid="16" />
                <SequencePoint vc="0" uspid="318" ordinal="8" offset="54" sl="44" sc="13" el="44" ec="54" bec="2" bev="0" fileid="16" />
                <SequencePoint vc="0" uspid="319" ordinal="9" offset="76" sl="45" sc="13" el="45" ec="69" bec="0" bev="0" fileid="16" />
                <SequencePoint vc="0" uspid="320" ordinal="10" offset="104" sl="46" sc="9" el="46" ec="10" bec="0" bev="0" fileid="16" />
              </SequencePoints>
              <BranchPoints>
                <BranchPoint vc="0" uspid="323" ordinal="2" offset="61" sl="44" path="0" offsetend="63" fileid="16" />
                <BranchPoint vc="0" uspid="324" ordinal="3" offset="61" sl="44" path="1" offsetend="70" fileid="16" />
              </BranchPoints>
              <MethodPoint xsi:type="SequencePoint" vc="0" uspid="310" ordinal="0" offset="0" sl="38" sc="9" el="38" ec="10" bec="0" bev="0" fileid="16" />
            </Method>
            <Method visited="false" cyclomaticComplexity="3" nPathComplexity="2" sequenceCoverage="0" branchCoverage="0" crapScore="12" isConstructor="false" isStatic="false" isGetter="false" isSetter="false">
              <Summary numSequencePoints="16" visitedSequencePoints="0" numBranchPoints="3" visitedBranchPoints="0" sequenceCoverage="0" branchCoverage="0" maxCyclomaticComplexity="3" minCyclomaticComplexity="3" maxCrapScore="12" minCrapScore="12" visitedClasses="0" numClasses="0" visitedMethods="0" numMethods="1" />
              <MetadataToken>100663336</MetadataToken>
              <Name>System.Void excelscanner.App.FileProcessor::Process()</Name>
              <FileRef uid="16" />
              <SequencePoints>
                <SequencePoint vc="0" uspid="325" ordinal="0" offset="0" sl="49" sc="9" el="49" ec="10" bec="0" bev="0" fileid="16" />
                <SequencePoint vc="0" uspid="326" ordinal="1" offset="1" sl="50" sc="13" el="50" ec="71" bec="0" bev="0" fileid="16" />
                <SequencePoint vc="0" uspid="327" ordinal="2" offset="12" sl="51" sc="18" el="51" ec="27" bec="0" bev="0" fileid="16" />
                <SequencePoint vc="0" uspid="328" ordinal="3" offset="16" sl="52" sc="13" el="52" ec="14" bec="0" bev="0" fileid="16" />
                <SequencePoint vc="0" uspid="329" ordinal="4" offset="17" sl="53" sc="17" el="53" ec="58" bec="0" bev="0" fileid="16" />
                <SequencePoint vc="0" uspid="330" ordinal="5" offset="37" sl="54" sc="17" el="54" ec="36" bec="0" bev="0" fileid="16" />
                <SequencePoint vc="0" uspid="331" ordinal="6" offset="46" sl="55" sc="13" el="55" ec="14" bec="0" bev="0" fileid="16" />
                <SequencePoint vc="0" uspid="332" ordinal="7" offset="47" sl="51" sc="61" el="51" ec="64" bec="0" bev="0" fileid="16" />
                <SequencePoint vc="0" uspid="333" ordinal="8" offset="51" sl="51" sc="29" el="51" ec="59" bec="2" bev="0" fileid="16" />
                <SequencePoint vc="0" uspid="334" ordinal="9" offset="63" sl="57" sc="13" el="57" ec="20" bec="0" bev="0" fileid="16" />
                <SequencePoint vc="0" uspid="335" ordinal="10" offset="64" sl="57" sc="39" el="57" ec="46" bec="0" bev="0" fileid="16" />
                <SequencePoint vc="0" uspid="336" ordinal="11" offset="71" sl="57" sc="22" el="57" ec="35" bec="0" bev="0" fileid="16" />
                <SequencePoint vc="0" uspid="337" ordinal="12" offset="77" sl="58" sc="17" el="58" ec="31" bec="0" bev="0" fileid="16" />
                <SequencePoint vc="0" uspid="338" ordinal="13" offset="91" sl="57" sc="36" el="57" ec="38" bec="0" bev="0" fileid="16" />
                <SequencePoint vc="0" uspid="339" ordinal="14" offset="98" sl="60" sc="13" el="60" ec="44" bec="0" bev="0" fileid="16" />
                <SequencePoint vc="0" uspid="340" ordinal="15" offset="109" sl="61" sc="9" el="61" ec="10" bec="0" bev="0" fileid="16" />
              </SequencePoints>
              <BranchPoints>
                <BranchPoint vc="0" uspid="341" ordinal="0" offset="61" sl="51" path="0" offsetend="63" fileid="16" />
                <BranchPoint vc="0" uspid="342" ordinal="1" offset="61" sl="51" path="1" offsetend="16" fileid="16" />
              </BranchPoints>
              <MethodPoint xsi:type="SequencePoint" vc="0" uspid="325" ordinal="0" offset="0" sl="49" sc="9" el="49" ec="10" bec="0" bev="0" fileid="16" />
            </Method>
            <Method visited="false" cyclomaticComplexity="2" nPathComplexity="2" sequenceCoverage="0" branchCoverage="0" crapScore="6" isConstructor="false" isStatic="false" isGetter="false" isSetter="false">
              <Summary numSequencePoints="6" visitedSequencePoints="0" numBranchPoints="3" visitedBranchPoints="0" sequenceCoverage="0" branchCoverage="0" maxCyclomaticComplexity="2" minCyclomaticComplexity="2" maxCrapScore="6" minCrapScore="6" visitedClasses="0" numClasses="0" visitedMethods="0" numMethods="1" />
              <MetadataToken>100663337</MetadataToken>
              <Name>System.Void excelscanner.App.FileProcessor::GetFileFromList()</Name>
              <FileRef uid="16" />
              <SequencePoints>
                <SequencePoint vc="0" uspid="345" ordinal="0" offset="0" sl="64" sc="9" el="64" ec="10" bec="0" bev="0" fileid="16" />
                <SequencePoint vc="0" uspid="346" ordinal="1" offset="1" sl="65" sc="13" el="65" ec="65" bec="2" bev="0" fileid="16" />
                <SequencePoint vc="0" uspid="347" ordinal="2" offset="18" sl="66" sc="13" el="66" ec="14" bec="0" bev="0" fileid="16" />
                <SequencePoint vc="0" uspid="348" ordinal="3" offset="19" sl="67" sc="17" el="67" ec="40" bec="0" bev="0" fileid="16" />
                <SequencePoint vc="0" uspid="349" ordinal="4" offset="27" sl="68" sc="13" el="68" ec="14" bec="0" bev="0" fileid="16" />
                <SequencePoint vc="0" uspid="350" ordinal="5" offset="30" sl="69" sc="9" el="69" ec="10" bec="0" bev="0" fileid="16" />
              </SequencePoints>
              <BranchPoints>
                <BranchPoint vc="0" uspid="351" ordinal="0" offset="16" sl="65" path="0" offsetend="18" fileid="16" />
                <BranchPoint vc="0" uspid="352" ordinal="1" offset="16" sl="65" path="1" offsetend="30" fileid="16" />
              </BranchPoints>
              <MethodPoint xsi:type="SequencePoint" vc="0" uspid="345" ordinal="0" offset="0" sl="64" sc="9" el="64" ec="10" bec="0" bev="0" fileid="16" />
            </Method>
            <Method visited="false" cyclomaticComplexity="4" nPathComplexity="4" sequenceCoverage="0" branchCoverage="0" crapScore="20" isConstructor="false" isStatic="false" isGetter="false" isSetter="false">
              <Summary numSequencePoints="21" visitedSequencePoints="0" numBranchPoints="5" visitedBranchPoints="0" sequenceCoverage="0" branchCoverage="0" maxCyclomaticComplexity="4" minCyclomaticComplexity="4" maxCrapScore="20" minCrapScore="20" visitedClasses="0" numClasses="0" visitedMethods="0" numMethods="1" />
              <MetadataToken>100663338</MetadataToken>
              <Name>System.Void excelscanner.App.FileProcessor::ProcessFile(System.IO.FileInfo)</Name>
              <FileRef uid="16" />
              <SequencePoints>
                <SequencePoint vc="0" uspid="353" ordinal="0" offset="0" sl="72" sc="9" el="72" ec="10" bec="0" bev="0" fileid="16" />
                <SequencePoint vc="0" uspid="354" ordinal="1" offset="1" sl="73" sc="13" el="73" ec="52" bec="0" bev="0" fileid="16" />
                <SequencePoint vc="0" uspid="355" ordinal="2" offset="9" sl="75" sc="13" el="75" ec="49" bec="2" bev="0" fileid="16" />
                <SequencePoint vc="0" uspid="356" ordinal="3" offset="32" sl="76" sc="13" el="76" ec="14" bec="0" bev="0" fileid="16" />
                <SequencePoint vc="0" uspid="357" ordinal="4" offset="33" sl="77" sc="17" el="77" ec="93" bec="0" bev="0" fileid="16" />
                <SequencePoint vc="0" uspid="358" ordinal="5" offset="50" sl="78" sc="17" el="78" ec="24" bec="0" bev="0" fileid="16" />
                <SequencePoint vc="0" uspid="359" ordinal="6" offset="55" sl="81" sc="13" el="81" ec="60" bec="0" bev="0" fileid="16" />
                <SequencePoint vc="0" uspid="360" ordinal="7" offset="62" sl="83" sc="13" el="83" ec="20" bec="0" bev="0" fileid="16" />
                <SequencePoint vc="0" uspid="361" ordinal="8" offset="63" sl="83" sc="46" el="83" ec="53" bec="0" bev="0" fileid="16" />
                <SequencePoint vc="0" uspid="362" ordinal="9" offset="77" sl="83" sc="22" el="83" ec="42" bec="0" bev="0" fileid="16" />
                <SequencePoint vc="0" uspid="363" ordinal="10" offset="86" sl="84" sc="17" el="84" ec="46" bec="0" bev="0" fileid="16" />
                <SequencePoint vc="0" uspid="364" ordinal="11" offset="100" sl="83" sc="43" el="83" ec="45" bec="0" bev="0" fileid="16" />
                <SequencePoint vc="0" uspid="365" ordinal="12" offset="126" sl="86" sc="13" el="86" ec="71" bec="2" bev="0" fileid="16" />
                <SequencePoint vc="0" uspid="366" ordinal="13" offset="158" sl="87" sc="13" el="87" ec="14" bec="0" bev="0" fileid="16" />
                <SequencePoint vc="0" uspid="367" ordinal="14" offset="159" sl="88" sc="17" el="88" ec="40" bec="0" bev="0" fileid="16" />
                <SequencePoint vc="0" uspid="368" ordinal="15" offset="167" sl="89" sc="17" el="89" ec="95" bec="0" bev="0" fileid="16" />
                <SequencePoint vc="0" uspid="369" ordinal="16" offset="189" sl="90" sc="13" el="90" ec="14" bec="0" bev="0" fileid="16" />
                <SequencePoint vc="0" uspid="370" ordinal="17" offset="192" sl="91" sc="13" el="91" ec="14" bec="0" bev="0" fileid="16" />
                <SequencePoint vc="0" uspid="371" ordinal="18" offset="193" sl="92" sc="17" el="92" ec="35" bec="0" bev="0" fileid="16" />
                <SequencePoint vc="0" uspid="372" ordinal="19" offset="200" sl="93" sc="13" el="93" ec="14" bec="0" bev="0" fileid="16" />
                <SequencePoint vc="0" uspid="373" ordinal="20" offset="201" sl="94" sc="9" el="94" ec="10" bec="0" bev="0" fileid="16" />
              </SequencePoints>
              <BranchPoints>
                <BranchPoint vc="0" uspid="374" ordinal="0" offset="30" sl="75" path="0" offsetend="32" fileid="16" />
                <BranchPoint vc="0" uspid="375" ordinal="1" offset="30" sl="75" path="1" offsetend="55" fileid="16" />
                <BranchPoint vc="0" uspid="378" ordinal="4" offset="156" sl="86" path="0" offsetend="158" fileid="16" />
                <BranchPoint vc="0" uspid="379" ordinal="5" offset="156" sl="86" path="1" offsetend="192" fileid="16" />
              </BranchPoints>
              <MethodPoint xsi:type="SequencePoint" vc="0" uspid="353" ordinal="0" offset="0" sl="72" sc="9" el="72" ec="10" bec="0" bev="0" fileid="16" />
            </Method>
            <Method visited="false" cyclomaticComplexity="1" nPathComplexity="0" sequenceCoverage="0" branchCoverage="0" crapScore="2" isConstructor="false" isStatic="false" isGetter="false" isSetter="false">
              <Summary numSequencePoints="4" visitedSequencePoints="0" numBranchPoints="1" visitedBranchPoints="0" sequenceCoverage="0" branchCoverage="0" maxCyclomaticComplexity="1" minCyclomaticComplexity="1" maxCrapScore="2" minCrapScore="2" visitedClasses="0" numClasses="0" visitedMethods="0" numMethods="1" />
              <MetadataToken>100663339</MetadataToken>
              <Name>System.IO.FileInfo excelscanner.App.FileProcessor::GetOutputPath(System.IO.FileInfo)</Name>
              <FileRef uid="16" />
              <SequencePoints>
                <SequencePoint vc="0" uspid="380" ordinal="0" offset="0" sl="103" sc="9" el="103" ec="10" bec="0" bev="0" fileid="16" />
                <SequencePoint vc="0" uspid="381" ordinal="1" offset="1" sl="104" sc="13" el="104" ec="67" bec="0" bev="0" fileid="16" />
                <SequencePoint vc="0" uspid="382" ordinal="2" offset="19" sl="105" sc="13" el="105" ec="42" bec="0" bev="0" fileid="16" />
                <SequencePoint vc="0" uspid="383" ordinal="3" offset="28" sl="106" sc="9" el="106" ec="10" bec="0" bev="0" fileid="16" />
              </SequencePoints>
              <BranchPoints />
              <MethodPoint xsi:type="SequencePoint" vc="0" uspid="380" ordinal="0" offset="0" sl="103" sc="9" el="103" ec="10" bec="0" bev="0" fileid="16" />
            </Method>
            <Method visited="false" cyclomaticComplexity="4" nPathComplexity="2" sequenceCoverage="0" branchCoverage="0" crapScore="20" isConstructor="false" isStatic="false" isGetter="false" isSetter="false">
              <Summary numSequencePoints="10" visitedSequencePoints="0" numBranchPoints="3" visitedBranchPoints="0" sequenceCoverage="0" branchCoverage="0" maxCyclomaticComplexity="4" minCyclomaticComplexity="4" maxCrapScore="20" minCrapScore="20" visitedClasses="0" numClasses="0" visitedMethods="0" numMethods="1" />
              <MetadataToken>100663340</MetadataToken>
              <Name>System.Boolean excelscanner.App.FileProcessor::IsEmptyWorkbook(OfficeOpenXml.ExcelWorkbook,System.String)</Name>
              <FileRef uid="16" />
              <SequencePoints>
                <SequencePoint vc="0" uspid="384" ordinal="0" offset="0" sl="109" sc="9" el="109" ec="10" bec="0" bev="0" fileid="16" />
                <SequencePoint vc="0" uspid="385" ordinal="1" offset="1" sl="110" sc="13" el="110" ec="20" bec="0" bev="0" fileid="16" />
                <SequencePoint vc="0" uspid="386" ordinal="2" offset="2" sl="110" sc="46" el="110" ec="65" bec="0" bev="0" fileid="16" />
                <SequencePoint vc="0" uspid="387" ordinal="3" offset="16" sl="110" sc="22" el="110" ec="42" bec="0" bev="0" fileid="16" />
                <SequencePoint vc="0" uspid="388" ordinal="4" offset="23" sl="111" sc="17" el="111" ec="45" bec="2" bev="0" fileid="16" />
                <SequencePoint vc="0" uspid="389" ordinal="5" offset="36" sl="111" sc="46" el="111" ec="59" bec="0" bev="0" fileid="16" />
                <SequencePoint vc="0" uspid="390" ordinal="6" offset="40" sl="110" sc="43" el="110" ec="45" bec="0" bev="0" fileid="16" />
                <SequencePoint vc="0" uspid="391" ordinal="7" offset="61" sl="113" sc="13" el="113" ec="116" bec="0" bev="0" fileid="16" />
                <SequencePoint vc="0" uspid="392" ordinal="8" offset="73" sl="114" sc="13" el="114" ec="25" bec="0" bev="0" fileid="16" />
                <SequencePoint vc="0" uspid="393" ordinal="9" offset="77" sl="115" sc="9" el="115" ec="10" bec="0" bev="0" fileid="16" />
              </SequencePoints>
              <BranchPoints>
                <BranchPoint vc="0" uspid="394" ordinal="0" offset="34" sl="111" path="0" offsetend="36" fileid="16" />
                <BranchPoint vc="0" uspid="395" ordinal="1" offset="34" sl="111" path="1" offsetend="40" fileid="16" />
              </BranchPoints>
              <MethodPoint xsi:type="SequencePoint" vc="0" uspid="384" ordinal="0" offset="0" sl="109" sc="9" el="109" ec="10" bec="0" bev="0" fileid="16" />
            </Method>
          </Methods>
        </Class>
      </Classes>
      <TrackedMethods />
    </Module>
  </Modules>
</CoverageSession>